This is pdfTeX, Version 3.1415926-2.5-1.40.14 (TeX Live 2013/Debian) (format=latex 2014.1.11)  29 MAR 2014 12:01
entering extended mode
 restricted \write18 enabled.
 %&-line parsing enabled.
**asgn5.tex
(/usr/share/texlive/texmf-dist/tex/latex/tools/x.tex
! Interruption.
<to be read again> 
                   \begingroup 
l.1 
    %%
? x
 
Here is how much of TeX's memory you used:
 7 strings out of 495032
 250 string characters out of 6181557
 45717 words of memory out of 5000000
 3312 multiletter control sequences out of 15000+600000
 3640 words of font info for 14 fonts, out of 8000000 for 9000
 14 hyphenation exceptions out of 8191
 3i,0n,1p,16b,6s stack positions out of 5000i,500n,10000p,200000b,80000s
No pages of output.
