0.000000 	 4.966311 	 4.967953 	 4.971878 	 4.967953 	 -0.005567	 -0.001643 	 -0.001643
0.050000 	 4.966311 	 4.725663 	 4.723284 	 4.725663 	 0.243027	 0.240647 	 0.240647
0.100000 	 4.724101 	 4.495190 	 4.487120 	 4.495190 	 0.236981	 0.228911 	 0.228911
0.150000 	 4.493703 	 4.275957 	 4.262764 	 4.275957 	 0.230940	 0.217747 	 0.217747
0.200000 	 4.274543 	 4.067416 	 4.049625 	 4.067416 	 0.224917	 0.207127 	 0.207127
0.250000 	 4.066071 	 3.869045 	 3.847144 	 3.869045 	 0.218927	 0.197026 	 0.197026
0.300000 	 3.867767 	 3.680350 	 3.654787 	 3.680350 	 0.212980	 0.187417 	 0.187417
0.350000 	 3.679133 	 3.500857 	 3.472048 	 3.500857 	 0.207086	 0.178276 	 0.178276
0.400000 	 3.499700 	 3.330118 	 3.298445 	 3.330118 	 0.201255	 0.169582 	 0.169581
0.450000 	 3.329017 	 3.167707 	 3.133523 	 3.167706 	 0.195494	 0.161311 	 0.161311
0.500000 	 3.166659 	 3.013216 	 2.976847 	 3.013216 	 0.189812	 0.153444 	 0.153443
0.550000 	 3.012219 	 2.866260 	 2.828005 	 2.866259 	 0.184215	 0.145960 	 0.145960
0.600000 	 2.865312 	 2.726470 	 2.686604 	 2.726470 	 0.178707	 0.138841 	 0.138841
0.650000 	 2.725569 	 2.593499 	 2.552274 	 2.593499 	 0.173295	 0.132070 	 0.132070
0.700000 	 2.592641 	 2.467012 	 2.424660 	 2.467012 	 0.167981	 0.125629 	 0.125629
0.750000 	 2.466197 	 2.346695 	 2.303427 	 2.346695 	 0.162769	 0.119502 	 0.119502
0.800000 	 2.345919 	 2.232245 	 2.188256 	 2.232245 	 0.157663	 0.113674 	 0.113674
0.850000 	 2.231507 	 2.123377 	 2.078843 	 2.123377 	 0.152664	 0.108130 	 0.108130
0.900000 	 2.122675 	 2.019819 	 1.974901 	 2.019819 	 0.147774	 0.102856 	 0.102856
0.950000 	 2.019151 	 1.921311 	 1.876156 	 1.921311 	 0.142995	 0.097840 	 0.097840
1.000000 	 1.920676 	 1.827608 	 1.782348 	 1.827608 	 0.138328	 0.093068 	 0.093068
1.050000 	 1.827003 	 1.738474 	 1.693231 	 1.738474 	 0.133773	 0.088529 	 0.088529
1.100000 	 1.737899 	 1.653688 	 1.608569 	 1.653688 	 0.129330	 0.084212 	 0.084212
1.150000 	 1.653141 	 1.573036 	 1.528141 	 1.573036 	 0.125000	 0.080105 	 0.080105
1.200000 	 1.572517 	 1.496319 	 1.451734 	 1.496319 	 0.120783	 0.076198 	 0.076198
1.250000 	 1.495824 	 1.423342 	 1.379147 	 1.423342 	 0.116677	 0.072482 	 0.072482
1.300000 	 1.422872 	 1.353925 	 1.310190 	 1.353925 	 0.112682	 0.068947 	 0.068947
1.350000 	 1.353478 	 1.287893 	 1.244680 	 1.287893 	 0.108798	 0.065584 	 0.065584
1.400000 	 1.287468 	 1.225082 	 1.182446 	 1.225082 	 0.105022	 0.062386 	 0.062386
1.450000 	 1.224677 	 1.165334 	 1.123324 	 1.165334 	 0.101354	 0.059343 	 0.059343
1.500000 	 1.164949 	 1.108500 	 1.067158 	 1.108500 	 0.097792	 0.056449 	 0.056449
1.550000 	 1.108134 	 1.054438 	 1.013800 	 1.054438 	 0.094334	 0.053696 	 0.053696
1.600000 	 1.054090 	 1.003012 	 0.963110 	 1.003012 	 0.090980	 0.051077 	 0.051077
1.649999 	 1.002681 	 0.954095 	 0.914954 	 0.954095 	 0.087727	 0.048586 	 0.048586
1.699999 	 0.953780 	 0.907563 	 0.869207 	 0.907563 	 0.084573	 0.046217 	 0.046217
1.749999 	 0.907264 	 0.863301 	 0.825746 	 0.863301 	 0.081517	 0.043963 	 0.043963
1.799999 	 0.863016 	 0.821197 	 0.784459 	 0.821197 	 0.078557	 0.041819 	 0.041819
1.849999 	 0.820926 	 0.781147 	 0.745236 	 0.781147 	 0.075690	 0.039779 	 0.039779
1.899999 	 0.780889 	 0.743050 	 0.707974 	 0.743050 	 0.072915	 0.037839 	 0.037839
1.949999 	 0.742805 	 0.706811 	 0.672576 	 0.706811 	 0.070229	 0.035994 	 0.035994
1.999999 	 0.706578 	 0.672339 	 0.638947 	 0.672339 	 0.067631	 0.034238 	 0.034238
2.049999 	 0.672118 	 0.639549 	 0.606999 	 0.639549 	 0.065118	 0.032569 	 0.032569
2.099999 	 0.639338 	 0.608358 	 0.576649 	 0.608358 	 0.062689	 0.030980 	 0.030980
2.149999 	 0.608157 	 0.578688 	 0.547817 	 0.578688 	 0.060340	 0.029469 	 0.029469
2.199999 	 0.578497 	 0.550465 	 0.520426 	 0.550465 	 0.058071	 0.028032 	 0.028032
2.249999 	 0.550283 	 0.523618 	 0.494405 	 0.523619 	 0.055879	 0.026665 	 0.026665
2.299999 	 0.523446 	 0.498081 	 0.469685 	 0.498081 	 0.053761	 0.025364 	 0.025364
2.349999 	 0.497917 	 0.473790 	 0.446200 	 0.473790 	 0.051717	 0.024127 	 0.024127
2.399999 	 0.473633 	 0.450683 	 0.423890 	 0.450683 	 0.049743	 0.022951 	 0.022951
2.449999 	 0.450534 	 0.428703 	 0.402696 	 0.428703 	 0.047838	 0.021831 	 0.021831
2.499999 	 0.428561 	 0.407794 	 0.382561 	 0.407795 	 0.046000	 0.020767 	 0.020767
2.549999 	 0.407660 	 0.387906 	 0.363433 	 0.387906 	 0.044227	 0.019754 	 0.019754
2.599999 	 0.387778 	 0.368988 	 0.345261 	 0.368988 	 0.042517	 0.018790 	 0.018791
2.649999 	 0.368866 	 0.350992 	 0.327998 	 0.350992 	 0.040868	 0.017874 	 0.017874
2.699999 	 0.350876 	 0.333874 	 0.311598 	 0.333874 	 0.039278	 0.017002 	 0.017002
2.749999 	 0.333764 	 0.317591 	 0.296018 	 0.317591 	 0.037745	 0.016173 	 0.016173
2.799999 	 0.317486 	 0.302102 	 0.281218 	 0.302102 	 0.036269	 0.015384 	 0.015384
2.849998 	 0.302002 	 0.287368 	 0.267157 	 0.287368 	 0.034845	 0.014634 	 0.014634
2.899998 	 0.287273 	 0.273353 	 0.253799 	 0.273353 	 0.033474	 0.013920 	 0.013920
2.949998 	 0.273263 	 0.260021 	 0.241109 	 0.260021 	 0.032154	 0.013241 	 0.013242
2.999998 	 0.259936 	 0.247340 	 0.229053 	 0.247340 	 0.030882	 0.012596 	 0.012596
3.049998 	 0.247258 	 0.235277 	 0.217601 	 0.235277 	 0.029658	 0.011981 	 0.011981
3.099998 	 0.235200 	 0.223802 	 0.206721 	 0.223802 	 0.028479	 0.011397 	 0.011397
3.149998 	 0.223729 	 0.212887 	 0.196385 	 0.212887 	 0.027344	 0.010841 	 0.010841
3.199998 	 0.212817 	 0.202505 	 0.186565 	 0.202505 	 0.026252	 0.010313 	 0.010313
3.249998 	 0.202438 	 0.192629 	 0.177237 	 0.192629 	 0.025201	 0.009810 	 0.009810
3.299998 	 0.192565 	 0.183234 	 0.168375 	 0.183234 	 0.024190	 0.009331 	 0.009331
3.349998 	 0.183174 	 0.174297 	 0.159957 	 0.174298 	 0.023217	 0.008876 	 0.008876
3.399998 	 0.174240 	 0.165797 	 0.151959 	 0.165797 	 0.022281	 0.008443 	 0.008443
3.449998 	 0.165742 	 0.157711 	 0.144361 	 0.157711 	 0.021382	 0.008031 	 0.008031
3.499998 	 0.157659 	 0.150019 	 0.137143 	 0.150019 	 0.020516	 0.007640 	 0.007640
3.549998 	 0.149970 	 0.142703 	 0.130286 	 0.142703 	 0.019684	 0.007267 	 0.007267
3.599998 	 0.142656 	 0.135743 	 0.123771 	 0.135743 	 0.018884	 0.006913 	 0.006913
3.649998 	 0.135698 	 0.129123 	 0.117583 	 0.129123 	 0.018116	 0.006576 	 0.006576
3.699998 	 0.129080 	 0.122825 	 0.111704 	 0.122825 	 0.017377	 0.006255 	 0.006255
3.749998 	 0.122785 	 0.116835 	 0.106118 	 0.116835 	 0.016667	 0.005950 	 0.005950
3.799998 	 0.116797 	 0.111137 	 0.100813 	 0.111137 	 0.015984	 0.005660 	 0.005660
3.849998 	 0.111100 	 0.105717 	 0.095772 	 0.105717 	 0.015329	 0.005384 	 0.005384
3.899997 	 0.105682 	 0.100561 	 0.090983 	 0.100561 	 0.014699	 0.005121 	 0.005121
3.949997 	 0.100528 	 0.095656 	 0.086434 	 0.095657 	 0.014094	 0.004871 	 0.004871
3.999997 	 0.095625 	 0.090991 	 0.082112 	 0.090991 	 0.013513	 0.004634 	 0.004634
4.049997 	 0.090961 	 0.086554 	 0.078007 	 0.086554 	 0.012955	 0.004408 	 0.004408
4.099998 	 0.086525 	 0.082332 	 0.074106 	 0.082332 	 0.012419	 0.004193 	 0.004193
4.149998 	 0.082305 	 0.078317 	 0.070401 	 0.078317 	 0.011904	 0.003988 	 0.003988
4.199998 	 0.078291 	 0.074497 	 0.066881 	 0.074497 	 0.011410	 0.003794 	 0.003794
4.249998 	 0.074473 	 0.070864 	 0.063537 	 0.070864 	 0.010936	 0.003609 	 0.003609
4.299998 	 0.070841 	 0.067408 	 0.060360 	 0.067408 	 0.010481	 0.003433 	 0.003433
4.349998 	 0.067386 	 0.064120 	 0.057342 	 0.064120 	 0.010044	 0.003265 	 0.003265
4.399999 	 0.064099 	 0.060993 	 0.054475 	 0.060993 	 0.009624	 0.003106 	 0.003106
4.449999 	 0.060973 	 0.058019 	 0.051751 	 0.058019 	 0.009222	 0.002955 	 0.002955
4.499999 	 0.057999 	 0.055189 	 0.049164 	 0.055189 	 0.008836	 0.002810 	 0.002810
4.549999 	 0.055171 	 0.052497 	 0.046706 	 0.052497 	 0.008465	 0.002673 	 0.002673
4.599999 	 0.052480 	 0.049937 	 0.044370 	 0.049937 	 0.008110	 0.002543 	 0.002543
4.650000 	 0.049921 	 0.047502 	 0.042152 	 0.047502 	 0.007769	 0.002419 	 0.002419
4.700000 	 0.047486 	 0.045185 	 0.040044 	 0.045185 	 0.007442	 0.002301 	 0.002301
4.750000 	 0.045170 	 0.042981 	 0.038042 	 0.042981 	 0.007128	 0.002189 	 0.002189
4.800000 	 0.042967 	 0.040885 	 0.036140 	 0.040885 	 0.006827	 0.002082 	 0.002082
4.850000 	 0.040871 	 0.038891 	 0.034333 	 0.038891 	 0.006539	 0.001980 	 0.001980
4.900001 	 0.038878 	 0.036994 	 0.032616 	 0.036994 	 0.006262	 0.001884 	 0.001884
4.950001 	 0.036982 	 0.035190 	 0.030985 	 0.035190 	 0.005997	 0.001792 	 0.001792
5.000001 	 0.035178 	 0.033474 	 0.029436 	 0.033474 	 0.005742	 0.001705 	 0.001705
