This is pdfTeX, Version 3.1415926-2.5-1.40.14 (TeX Live 2013/Debian) (format=latex 2014.1.11)  16 APR 2014 10:24
entering extended mode
 restricted \write18 enabled.
 %&-line parsing enabled.
**asgn3.tex
(./asgn3.tex
LaTeX2e <2011/06/27>
Babel <3.9f> and hyphenation patterns for 2 languages loaded.
(/usr/share/texlive/texmf-dist/tex/latex/base/article.cls
Document Class: article 2007/10/19 v1.4h Standard LaTeX document class
(/usr/share/texlive/texmf-dist/tex/latex/base/size12.clo
File: size12.clo 2007/10/19 v1.4h Standard LaTeX file (size option)
)
\c@part=\count79
\c@section=\count80
\c@subsection=\count81
\c@subsubsection=\count82
\c@paragraph=\count83
\c@subparagraph=\count84
\c@figure=\count85
\c@table=\count86
\abovecaptionskip=\skip41
\belowcaptionskip=\skip42
\bibindent=\dimen102
)
(/usr/share/texlive/texmf-dist/tex/latex/amsmath/amsmath.sty
Package: amsmath 2013/01/14 v2.14 AMS math features
\@mathmargin=\skip43

For additional information on amsmath, use the `?' option.
(/usr/share/texlive/texmf-dist/tex/latex/amsmath/amstext.sty
Package: amstext 2000/06/29 v2.01

(/usr/share/texlive/texmf-dist/tex/latex/amsmath/amsgen.sty
File: amsgen.sty 1999/11/30 v2.0
\@emptytoks=\toks14
\ex@=\dimen103
))
(/usr/share/texlive/texmf-dist/tex/latex/amsmath/amsbsy.sty
Package: amsbsy 1999/11/29 v1.2d
\pmbraise@=\dimen104
)
(/usr/share/texlive/texmf-dist/tex/latex/amsmath/amsopn.sty
Package: amsopn 1999/12/14 v2.01 operator names
)
\inf@bad=\count87
LaTeX Info: Redefining \frac on input line 210.
\uproot@=\count88
\leftroot@=\count89
LaTeX Info: Redefining \overline on input line 306.
\classnum@=\count90
\DOTSCASE@=\count91
LaTeX Info: Redefining \ldots on input line 378.
LaTeX Info: Redefining \dots on input line 381.
LaTeX Info: Redefining \cdots on input line 466.
\Mathstrutbox@=\box26
\strutbox@=\box27
\big@size=\dimen105
LaTeX Font Info:    Redeclaring font encoding OML on input line 566.
LaTeX Font Info:    Redeclaring font encoding OMS on input line 567.
\macc@depth=\count92
\c@MaxMatrixCols=\count93
\dotsspace@=\muskip10
\c@parentequation=\count94
\dspbrk@lvl=\count95
\tag@help=\toks15
\row@=\count96
\column@=\count97
\maxfields@=\count98
\andhelp@=\toks16
\eqnshift@=\dimen106
\alignsep@=\dimen107
\tagshift@=\dimen108
\tagwidth@=\dimen109
\totwidth@=\dimen110
\lineht@=\dimen111
\@envbody=\toks17
\multlinegap=\skip44
\multlinetaggap=\skip45
\mathdisplay@stack=\toks18
LaTeX Info: Redefining \[ on input line 2665.
LaTeX Info: Redefining \] on input line 2666.
)
(/usr/share/texlive/texmf-dist/tex/latex/graphics/epsfig.sty
Package: epsfig 1999/02/16 v1.7a (e)psfig emulation (SPQR)

(/usr/share/texlive/texmf-dist/tex/latex/graphics/graphicx.sty
Package: graphicx 1999/02/16 v1.0f Enhanced LaTeX Graphics (DPC,SPQR)

(/usr/share/texlive/texmf-dist/tex/latex/graphics/keyval.sty
Package: keyval 1999/03/16 v1.13 key=value parser (DPC)
\KV@toks@=\toks19
)
(/usr/share/texlive/texmf-dist/tex/latex/graphics/graphics.sty
Package: graphics 2009/02/05 v1.0o Standard LaTeX Graphics (DPC,SPQR)

(/usr/share/texlive/texmf-dist/tex/latex/graphics/trig.sty
Package: trig 1999/03/16 v1.09 sin cos tan (DPC)
)
(/usr/share/texlive/texmf-dist/tex/latex/latexconfig/graphics.cfg
File: graphics.cfg 2010/04/23 v1.9 graphics configuration of TeX Live
)
Package graphics Info: Driver file: dvips.def on input line 91.

(/usr/share/texlive/texmf-dist/tex/latex/graphics/dvips.def
File: dvips.def 1999/02/16 v3.0i Driver-dependant file (DPC,SPQR)
))
\Gin@req@height=\dimen112
\Gin@req@width=\dimen113
)
\epsfxsize=\dimen114
\epsfysize=\dimen115
) (./asgn3.aux

LaTeX Warning: Label `pict1' multiply defined.


LaTeX Warning: Label `pict1' multiply defined.


LaTeX Warning: Label `pict1' multiply defined.


LaTeX Warning: Label `pict1' multiply defined.


LaTeX Warning: Label `pict1' multiply defined.


LaTeX Warning: Label `pict1' multiply defined.


LaTeX Warning: Label `pict1' multiply defined.

)
\openout1 = `asgn3.aux'.

LaTeX Font Info:    Checking defaults for OML/cmm/m/it on input line 7.
LaTeX Font Info:    ... okay on input line 7.
LaTeX Font Info:    Checking defaults for T1/cmr/m/n on input line 7.
LaTeX Font Info:    ... okay on input line 7.
LaTeX Font Info:    Checking defaults for OT1/cmr/m/n on input line 7.
LaTeX Font Info:    ... okay on input line 7.
LaTeX Font Info:    Checking defaults for OMS/cmsy/m/n on input line 7.
LaTeX Font Info:    ... okay on input line 7.
LaTeX Font Info:    Checking defaults for OMX/cmex/m/n on input line 7.
LaTeX Font Info:    ... okay on input line 7.
LaTeX Font Info:    Checking defaults for U/cmr/m/n on input line 7.
LaTeX Font Info:    ... okay on input line 7.
 [1

] [2]
File: gaussians.eps Graphic file (type eps)
 <gaussians.eps>
Overfull \hbox (36.79836pt too wide) in paragraph at lines 67--68
[][] 
 []

[3]
File: expDecay.eps Graphic file (type eps)
 <expDecay.eps>
Overfull \hbox (36.79836pt too wide) in paragraph at lines 78--79
[][] 
 []

[4]
File: neighborGaussians.eps Graphic file (type eps)
 <neighborGaussians.eps>
Overfull \hbox (36.79836pt too wide) in paragraph at lines 90--91
[][] 
 []

[5]
File: neighborDecay.eps Graphic file (type eps)
 <neighborDecay.eps>
Overfull \hbox (36.79836pt too wide) in paragraph at lines 101--102
[][] 
 []

[6]
File: decay.eps Graphic file (type eps)
 <decay.eps>
Overfull \hbox (36.79836pt too wide) in paragraph at lines 110--111
[][] 
 []

[7]
File: leftOnly.eps Graphic file (type eps)
 <leftOnly.eps>
Overfull \hbox (36.79836pt too wide) in paragraph at lines 127--128
[][] 
 []

[8]
File: rightOnly.eps Graphic file (type eps)
 <rightOnly.eps>
Overfull \hbox (36.79836pt too wide) in paragraph at lines 138--139
[][] 
 []

[9]
File: travel1.eps Graphic file (type eps)
 <travel1.eps>
File: travel2.eps Graphic file (type eps)
 <travel2.eps>
File: travel3.eps Graphic file (type eps)
 <travel3.eps> [10] (./asgn3.aux)

LaTeX Warning: There were multiply-defined labels.

 ) 
Here is how much of TeX's memory you used:
 1191 strings out of 495032
 13849 string characters out of 6181557
 66619 words of memory out of 5000000
 4424 multiletter control sequences out of 15000+600000
 8568 words of font info for 31 fonts, out of 8000000 for 9000
 14 hyphenation exceptions out of 8191
 32i,4n,23p,687b,296s stack positions out of 5000i,500n,10000p,200000b,80000s

Output written on asgn3.dvi (10 pages, 12000 bytes).
