This is pdfTeX, Version 3.1415926-1.40.10 (TeX Live 2009/Debian) (format=latex 2013.9.3)  24 OCT 2013 10:43
entering extended mode
 %&-line parsing enabled.
**asgn6.tex
(./asgn6.tex
LaTeX2e <2009/09/24>
Babel <v3.8l> and hyphenation patterns for english, usenglishmax, dumylang, noh
yphenation, loaded.
(/usr/share/texmf-texlive/tex/latex/base/article.cls
Document Class: article 2007/10/19 v1.4h Standard LaTeX document class
(/usr/share/texmf-texlive/tex/latex/base/size12.clo
File: size12.clo 2007/10/19 v1.4h Standard LaTeX file (size option)
)
\c@part=\count79
\c@section=\count80
\c@subsection=\count81
\c@subsubsection=\count82
\c@paragraph=\count83
\c@subparagraph=\count84
\c@figure=\count85
\c@table=\count86
\abovecaptionskip=\skip41
\belowcaptionskip=\skip42
\bibindent=\dimen102
)
(/usr/share/texmf-texlive/tex/latex/amsmath/amsmath.sty
Package: amsmath 2000/07/18 v2.13 AMS math features
\@mathmargin=\skip43

For additional information on amsmath, use the `?' option.
(/usr/share/texmf-texlive/tex/latex/amsmath/amstext.sty
Package: amstext 2000/06/29 v2.01

(/usr/share/texmf-texlive/tex/latex/amsmath/amsgen.sty
File: amsgen.sty 1999/11/30 v2.0
\@emptytoks=\toks14
\ex@=\dimen103
))
(/usr/share/texmf-texlive/tex/latex/amsmath/amsbsy.sty
Package: amsbsy 1999/11/29 v1.2d
\pmbraise@=\dimen104
)
(/usr/share/texmf-texlive/tex/latex/amsmath/amsopn.sty
Package: amsopn 1999/12/14 v2.01 operator names
)
\inf@bad=\count87
LaTeX Info: Redefining \frac on input line 211.
\uproot@=\count88
\leftroot@=\count89
LaTeX Info: Redefining \overline on input line 307.
\classnum@=\count90
\DOTSCASE@=\count91
LaTeX Info: Redefining \ldots on input line 379.
LaTeX Info: Redefining \dots on input line 382.
LaTeX Info: Redefining \cdots on input line 467.
\Mathstrutbox@=\box26
\strutbox@=\box27
\big@size=\dimen105
LaTeX Font Info:    Redeclaring font encoding OML on input line 567.
LaTeX Font Info:    Redeclaring font encoding OMS on input line 568.
\macc@depth=\count92
\c@MaxMatrixCols=\count93
\dotsspace@=\muskip10
\c@parentequation=\count94
\dspbrk@lvl=\count95
\tag@help=\toks15
\row@=\count96
\column@=\count97
\maxfields@=\count98
\andhelp@=\toks16
\eqnshift@=\dimen106
\alignsep@=\dimen107
\tagshift@=\dimen108
\tagwidth@=\dimen109
\totwidth@=\dimen110
\lineht@=\dimen111
\@envbody=\toks17
\multlinegap=\skip44
\multlinetaggap=\skip45
\mathdisplay@stack=\toks18
LaTeX Info: Redefining \[ on input line 2666.
LaTeX Info: Redefining \] on input line 2667.
)
(/usr/share/texmf-texlive/tex/latex/graphics/epsfig.sty
Package: epsfig 1999/02/16 v1.7a (e)psfig emulation (SPQR)

(/usr/share/texmf-texlive/tex/latex/graphics/graphicx.sty
Package: graphicx 1999/02/16 v1.0f Enhanced LaTeX Graphics (DPC,SPQR)

(/usr/share/texmf-texlive/tex/latex/graphics/keyval.sty
Package: keyval 1999/03/16 v1.13 key=value parser (DPC)
\KV@toks@=\toks19
)
(/usr/share/texmf-texlive/tex/latex/graphics/graphics.sty
Package: graphics 2009/02/05 v1.0o Standard LaTeX Graphics (DPC,SPQR)

(/usr/share/texmf-texlive/tex/latex/graphics/trig.sty
Package: trig 1999/03/16 v1.09 sin cos tan (DPC)
)
(/etc/texmf/tex/latex/config/graphics.cfg
File: graphics.cfg 2009/08/28 v1.8 graphics configuration of TeX Live
)
Package graphics Info: Driver file: dvips.def on input line 91.

(/usr/share/texmf-texlive/tex/latex/graphics/dvips.def
File: dvips.def 1999/02/16 v3.0i Driver-dependant file (DPC,SPQR)
))
\Gin@req@height=\dimen112
\Gin@req@width=\dimen113
)
\epsfxsize=\dimen114
\epsfysize=\dimen115
) (./asgn6.aux

LaTeX Warning: Label `pict1' multiply defined.


LaTeX Warning: Label `pict1' multiply defined.


LaTeX Warning: Label `pict1' multiply defined.


LaTeX Warning: Label `pict1' multiply defined.


LaTeX Warning: Label `pict1' multiply defined.


LaTeX Warning: Label `pict1' multiply defined.


LaTeX Warning: Label `pict1' multiply defined.


LaTeX Warning: Label `pict1' multiply defined.


LaTeX Warning: Label `pict1' multiply defined.


LaTeX Warning: Label `pict1' multiply defined.


LaTeX Warning: Label `pict1' multiply defined.


LaTeX Warning: Label `pict1' multiply defined.

)
\openout1 = `asgn6.aux'.

LaTeX Font Info:    Checking defaults for OML/cmm/m/it on input line 7.
LaTeX Font Info:    ... okay on input line 7.
LaTeX Font Info:    Checking defaults for T1/cmr/m/n on input line 7.
LaTeX Font Info:    ... okay on input line 7.
LaTeX Font Info:    Checking defaults for OT1/cmr/m/n on input line 7.
LaTeX Font Info:    ... okay on input line 7.
LaTeX Font Info:    Checking defaults for OMS/cmsy/m/n on input line 7.
LaTeX Font Info:    ... okay on input line 7.
LaTeX Font Info:    Checking defaults for OMX/cmex/m/n on input line 7.
LaTeX Font Info:    ... okay on input line 7.
LaTeX Font Info:    Checking defaults for U/cmr/m/n on input line 7.
LaTeX Font Info:    ... okay on input line 7.
 [1

]
Overfull \hbox (54.60022pt too wide) in paragraph at lines 69--69
[]\OT1/cmtt/m/n/12 decay = (interval < tau*10) ? currentTime+interval : current
Time+tau*10;[] 
 []

[2]
File: data/figures/raster1.eps Graphic file (type eps)
 <data/figures/raster1.eps>
Overfull \hbox (36.79836pt too wide) in paragraph at lines 92--93
[][] 
 []

File: data/figures/zoom1.eps Graphic file (type eps)
<data/figures/zoom1.eps>
Overfull \hbox (36.79836pt too wide) in paragraph at lines 97--98
[][] 
 []

File: data/figures/zoom05.eps Graphic file (type eps)
<data/figures/zoom05.eps>
Overfull \hbox (36.79836pt too wide) in paragraph at lines 102--103
[][] 
 []


LaTeX Warning: `!h' float specifier changed to `!ht'.

File: data/figures/zoom0.eps Graphic file (type eps)
<data/figures/zoom0.eps>
Overfull \hbox (36.79836pt too wide) in paragraph at lines 107--108
[][] 
 []


LaTeX Warning: `!h' float specifier changed to `!ht'.

[3]

LaTeX Warning: Text page 4 contains only floats.

[4]
File: data/figures/zoomM_1.eps Graphic file (type eps)
 <data/figures/zoomM_1.eps>
Overfull \hbox (36.79836pt too wide) in paragraph at lines 123--124
[][] 
 []

File: data/figures/zoomM_05.eps Graphic file (type eps)
<data/figures/zoomM_05.eps>
Overfull \hbox (36.79836pt too wide) in paragraph at lines 128--129
[][] 
 []


LaTeX Warning: `!h' float specifier changed to `!ht'.

[5] [6]
File: data/figures/xCum0.eps Graphic file (type eps)
 <data/figures/xCum0.eps>
Overfull \hbox (36.79836pt too wide) in paragraph at lines 149--150
[][] 
 []

File: data/figures/xCum1.eps Graphic file (type eps)
<data/figures/xCum1.eps>
File: data/figures/xCumM_1.eps Graphic file (type eps)
 <data/figures/xCumM_1.eps>
Overfull \hbox (67.86044pt too wide) in paragraph at lines 154--156
[][] [] 
 []


LaTeX Warning: `!h' float specifier changed to `!ht'.

File: data/figures/xCum05.eps Graphic file (type eps)
<data/figures/xCum05.eps>
File: data/figures/xCumM_5.eps Graphic file (type eps)
 <data/figures/xCumM_5.eps>
Overfull \hbox (67.86044pt too wide) in paragraph at lines 160--162
[][] [] 
 []


LaTeX Warning: `!h' float specifier changed to `!ht'.

[7] [8]
File: data/figures/partB_0.eps Graphic file (type eps)
 <data/figures/partB_0.eps>
Overfull \hbox (36.79836pt too wide) in paragraph at lines 182--183
[][] 
 []

File: data/figures/partB_05.eps Graphic file (type eps)
<data/figures/partB_05.eps>
Overfull \hbox (36.79836pt too wide) in paragraph at lines 187--188
[][] 
 []


LaTeX Warning: `!h' float specifier changed to `!ht'.

File: data/figures/partB_1.eps Graphic file (type eps)
<data/figures/partB_1.eps>
Overfull \hbox (36.79836pt too wide) in paragraph at lines 193--194
[][] 
 []


LaTeX Warning: `!h' float specifier changed to `!ht'.

[9] [10]
Overfull \hbox (17.5502pt too wide) in paragraph at lines 228--228
[]        \OT1/cmtt/m/n/12 y=(1/(B-A))*(exp(-A*DT)-exp(-B*DT))*(dy+B*y)+y*exp(-
B*DT);[] 
 []

File: data/figures/alpha.eps Graphic file (type eps)
<data/figures/alpha.eps>
Overfull \hbox (36.79836pt too wide) in paragraph at lines 237--238
[][] 
 []


LaTeX Warning: `!h' float specifier changed to `!ht'.

[11] [12] (./asgn6.aux)

LaTeX Warning: There were multiply-defined labels.

 ) 
Here is how much of TeX's memory you used:
 1199 strings out of 495062
 13890 string characters out of 1182645
 66024 words of memory out of 3000000
 4395 multiletter control sequences out of 15000+50000
 8737 words of font info for 32 fonts, out of 3000000 for 9000
 28 hyphenation exceptions out of 8191
 32i,4n,23p,567b,299s stack positions out of 5000i,500n,10000p,200000b,50000s

Output written on asgn6.dvi (12 pages, 14320 bytes).
