0.000000 	 0.033463 	 0.027964 	 0.031841 	 0.005498 	 0.001621
0.050000 	 0.033463 	 0.275168 	 0.266717 	 -0.241705 	 -0.233255
0.100000 	 0.268185 	 0.497651 	 0.479242 	 -0.229466 	 -0.211057
0.150000 	 0.480570 	 0.697886 	 0.671543 	 -0.217316 	 -0.190972
0.200000 	 0.672744 	 0.878097 	 0.845543 	 -0.205353 	 -0.172799
0.250000 	 0.846631 	 1.040288 	 1.002985 	 -0.193657 	 -0.156355
0.300000 	 1.003970 	 1.186259 	 1.145445 	 -0.182289 	 -0.141475
0.350000 	 1.146336 	 1.317633 	 1.274348 	 -0.171297 	 -0.128012
0.400000 	 1.275154 	 1.435870 	 1.390984 	 -0.160716 	 -0.115830
0.450000 	 1.391714 	 1.542283 	 1.496521 	 -0.150569 	 -0.104807
0.500000 	 1.497181 	 1.638054 	 1.592014 	 -0.140873 	 -0.094833
0.550000 	 1.592612 	 1.724249 	 1.678420 	 -0.131637 	 -0.085809
0.600000 	 1.678961 	 1.801824 	 1.756604 	 -0.122863 	 -0.077643
0.650000 	 1.757093 	 1.871642 	 1.827347 	 -0.114548 	 -0.070254
0.700000 	 1.827790 	 1.934477 	 1.891359 	 -0.106687 	 -0.063568
0.750000 	 1.891760 	 1.991030 	 1.949279 	 -0.099270 	 -0.057519
0.800000 	 1.949641 	 2.041927 	 2.001687 	 -0.092286 	 -0.052045
0.850000 	 2.002015 	 2.087734 	 2.049107 	 -0.085719 	 -0.047092
0.900000 	 2.049404 	 2.128961 	 2.092016 	 -0.079556 	 -0.042611
0.950000 	 2.092284 	 2.166065 	 2.130840 	 -0.073781 	 -0.038556
1.000000 	 2.131083 	 2.199458 	 2.165971 	 -0.068375 	 -0.034887
1.050000 	 2.166191 	 2.229512 	 2.197758 	 -0.063322 	 -0.031567
1.100000 	 2.197957 	 2.256561 	 2.226520 	 -0.058604 	 -0.028563
1.150000 	 2.226700 	 2.280905 	 2.252545 	 -0.054205 	 -0.025845
1.200000 	 2.252708 	 2.302815 	 2.276093 	 -0.050107 	 -0.023386
1.250000 	 2.276241 	 2.322533 	 2.297401 	 -0.046292 	 -0.021160
1.300000 	 2.297534 	 2.340280 	 2.316681 	 -0.042746 	 -0.019146
1.350000 	 2.316801 	 2.356252 	 2.334126 	 -0.039450 	 -0.017324
1.400000 	 2.334235 	 2.370626 	 2.349911 	 -0.036391 	 -0.015676
1.450000 	 2.350010 	 2.383564 	 2.364194 	 -0.033554 	 -0.014184
1.500000 	 2.364283 	 2.395207 	 2.377117 	 -0.030924 	 -0.012834
1.550000 	 2.377198 	 2.405687 	 2.388811 	 -0.028488 	 -0.011613
1.600000 	 2.388884 	 2.415118 	 2.399392 	 -0.026234 	 -0.010508
1.649999 	 2.399458 	 2.423606 	 2.408966 	 -0.024148 	 -0.009508
1.699999 	 2.409026 	 2.431246 	 2.417629 	 -0.022219 	 -0.008603
1.749999 	 2.417684 	 2.438121 	 2.425468 	 -0.020437 	 -0.007784
1.799999 	 2.425517 	 2.444309 	 2.432561 	 -0.018792 	 -0.007044
1.849999 	 2.432605 	 2.449878 	 2.438978 	 -0.017273 	 -0.006373
1.899999 	 2.439018 	 2.454890 	 2.444785 	 -0.015872 	 -0.005767
1.949999 	 2.444822 	 2.459401 	 2.450040 	 -0.014580 	 -0.005218
1.999999 	 2.450073 	 2.463461 	 2.454794 	 -0.013389 	 -0.004721
2.049999 	 2.454824 	 2.467115 	 2.459096 	 -0.012291 	 -0.004272
2.099999 	 2.459123 	 2.470403 	 2.462988 	 -0.011281 	 -0.003865
2.149999 	 2.463013 	 2.473363 	 2.466511 	 -0.010350 	 -0.003498
2.199999 	 2.466532 	 2.476027 	 2.469697 	 -0.009494 	 -0.003165
2.249999 	 2.469718 	 2.478424 	 2.472581 	 -0.008707 	 -0.002864
2.299999 	 2.472599 	 2.480582 	 2.475190 	 -0.007982 	 -0.002591
2.349999 	 2.475207 	 2.482524 	 2.477551 	 -0.007317 	 -0.002345
2.399999 	 2.477566 	 2.484271 	 2.479688 	 -0.006705 	 -0.002122
2.449999 	 2.479701 	 2.485844 	 2.481621 	 -0.006143 	 -0.001920
2.499999 	 2.481633 	 2.487260 	 2.483370 	 -0.005627 	 -0.001737
2.549999 	 2.483381 	 2.488534 	 2.484952 	 -0.005153 	 -0.001572
2.599999 	 2.484962 	 2.489680 	 2.486384 	 -0.004718 	 -0.001422
2.649999 	 2.486393 	 2.490712 	 2.487680 	 -0.004319 	 -0.001287
2.699999 	 2.487688 	 2.491641 	 2.488852 	 -0.003953 	 -0.001164
2.749999 	 2.488860 	 2.492477 	 2.489913 	 -0.003617 	 -0.001053
2.799999 	 2.489920 	 2.493229 	 2.490873 	 -0.003309 	 -0.000953
2.849998 	 2.490879 	 2.493906 	 2.491741 	 -0.003027 	 -0.000862
2.899998 	 2.491747 	 2.494516 	 2.492527 	 -0.002769 	 -0.000780
2.949998 	 2.492532 	 2.495064 	 2.493238 	 -0.002532 	 -0.000706
2.999998 	 2.493243 	 2.495558 	 2.493882 	 -0.002315 	 -0.000639
3.049998 	 2.493886 	 2.496002 	 2.494464 	 -0.002116 	 -0.000578
3.099998 	 2.494468 	 2.496402 	 2.494991 	 -0.001934 	 -0.000523
3.149998 	 2.494994 	 2.496761 	 2.495468 	 -0.001767 	 -0.000473
3.199998 	 2.495471 	 2.497085 	 2.495899 	 -0.001614 	 -0.000428
3.249998 	 2.495902 	 2.497377 	 2.496289 	 -0.001475 	 -0.000388
3.299998 	 2.496292 	 2.497639 	 2.496642 	 -0.001347 	 -0.000351
3.349998 	 2.496644 	 2.497875 	 2.496962 	 -0.001230 	 -0.000317
3.399998 	 2.496964 	 2.498087 	 2.497251 	 -0.001123 	 -0.000287
3.449998 	 2.497253 	 2.498279 	 2.497513 	 -0.001026 	 -0.000260
3.499998 	 2.497514 	 2.498451 	 2.497749 	 -0.000937 	 -0.000235
3.549998 	 2.497751 	 2.498606 	 2.497963 	 -0.000855 	 -0.000213
3.599998 	 2.497965 	 2.498745 	 2.498157 	 -0.000780 	 -0.000192
3.649998 	 2.498158 	 2.498871 	 2.498333 	 -0.000712 	 -0.000174
3.699998 	 2.498334 	 2.498984 	 2.498491 	 -0.000650 	 -0.000158
3.749998 	 2.498492 	 2.499085 	 2.498635 	 -0.000593 	 -0.000143
3.799998 	 2.498636 	 2.499177 	 2.498765 	 -0.000541 	 -0.000129
3.849998 	 2.498766 	 2.499259 	 2.498882 	 -0.000493 	 -0.000117
3.899997 	 2.498883 	 2.499333 	 2.498989 	 -0.000450 	 -0.000106
3.949997 	 2.498989 	 2.499400 	 2.499085 	 -0.000411 	 -0.000096
3.999997 	 2.499085 	 2.499460 	 2.499172 	 -0.000375 	 -0.000087
4.049997 	 2.499172 	 2.499514 	 2.499251 	 -0.000342 	 -0.000078
4.099998 	 2.499251 	 2.499563 	 2.499322 	 -0.000311 	 -0.000071
4.149998 	 2.499323 	 2.499606 	 2.499387 	 -0.000284 	 -0.000064
4.199998 	 2.499387 	 2.499646 	 2.499445 	 -0.000259 	 -0.000058
4.249998 	 2.499445 	 2.499681 	 2.499498 	 -0.000236 	 -0.000052
4.299998 	 2.499498 	 2.499713 	 2.499546 	 -0.000215 	 -0.000047
4.349998 	 2.499546 	 2.499742 	 2.499589 	 -0.000196 	 -0.000043
4.399999 	 2.499589 	 2.499768 	 2.499628 	 -0.000178 	 -0.000039
4.449999 	 2.499628 	 2.499791 	 2.499663 	 -0.000162 	 -0.000035
4.499999 	 2.499664 	 2.499812 	 2.499695 	 -0.000148 	 -0.000032
4.549999 	 2.499696 	 2.499830 	 2.499724 	 -0.000135 	 -0.000029
4.599999 	 2.499725 	 2.499847 	 2.499751 	 -0.000123 	 -0.000026
4.650000 	 2.499751 	 2.499863 	 2.499774 	 -0.000112 	 -0.000024
4.700000 	 2.499774 	 2.499876 	 2.499796 	 -0.000102 	 -0.000021
4.750000 	 2.499796 	 2.499889 	 2.499815 	 -0.000093 	 -0.000019
4.800000 	 2.499815 	 2.499900 	 2.499833 	 -0.000085 	 -0.000017
4.850000 	 2.499833 	 2.499910 	 2.499849 	 -0.000077 	 -0.000016
4.900001 	 2.499849 	 2.499919 	 2.499863 	 -0.000070 	 -0.000014
4.950001 	 2.499863 	 2.499927 	 2.499876 	 -0.000064 	 -0.000013
5.000001 	 2.499876 	 2.499935 	 2.499888 	 -0.000058 	 -0.000012
