0.000000 	 2.499899 	 2.499947 	 2.499908 	 2.499908 	 0.000048	 0.000010 	 0.000010
0.050000 	 2.377977 	 2.374949 	 2.377986 	 2.377986 	 0.003028	 0.000009 	 0.000009
0.100000 	 2.262002 	 2.256202 	 2.262010 	 2.262010 	 0.005800	 0.000009 	 0.000009
0.150000 	 2.151683 	 2.143392 	 2.151691 	 2.151691 	 0.008291	 0.000008 	 0.000008
0.200000 	 2.046744 	 2.036222 	 2.046752 	 2.046752 	 0.010522	 0.000008 	 0.000008
0.250000 	 1.946923 	 1.934411 	 1.946930 	 1.946930 	 0.012512	 0.000007 	 0.000007
0.300000 	 1.851970 	 1.837691 	 1.851978 	 1.851978 	 0.014280	 0.000007 	 0.000007
0.350000 	 1.761649 	 1.745806 	 1.761656 	 1.761656 	 0.015843	 0.000007 	 0.000007
0.400000 	 1.675732 	 1.658516 	 1.675739 	 1.675739 	 0.017216	 0.000006 	 0.000006
0.450000 	 1.594006 	 1.575590 	 1.594012 	 1.594012 	 0.018416	 0.000006 	 0.000006
0.500000 	 1.516265 	 1.496810 	 1.516271 	 1.516271 	 0.019455	 0.000006 	 0.000006
0.550000 	 1.442316 	 1.421970 	 1.442322 	 1.442322 	 0.020346	 0.000006 	 0.000006
0.600000 	 1.371973 	 1.350871 	 1.371979 	 1.371979 	 0.021102	 0.000005 	 0.000005
0.650000 	 1.305062 	 1.283328 	 1.305067 	 1.305067 	 0.021734	 0.000005 	 0.000005
0.700000 	 1.241413 	 1.219161 	 1.241418 	 1.241418 	 0.022251	 0.000005 	 0.000005
0.750000 	 1.180868 	 1.158203 	 1.180873 	 1.180873 	 0.022665	 0.000005 	 0.000005
0.800000 	 1.123277 	 1.100293 	 1.123281 	 1.123281 	 0.022984	 0.000004 	 0.000004
0.850000 	 1.068494 	 1.045279 	 1.068498 	 1.068498 	 0.023215	 0.000004 	 0.000004
0.900000 	 1.016383 	 0.993015 	 1.016387 	 1.016387 	 0.023368	 0.000004 	 0.000004
0.950000 	 0.966813 	 0.943364 	 0.966817 	 0.966817 	 0.023449	 0.000004 	 0.000004
1.000000 	 0.919661 	 0.896196 	 0.919665 	 0.919665 	 0.023466	 0.000004 	 0.000004
1.050000 	 0.874809 	 0.851386 	 0.874812 	 0.874812 	 0.023423	 0.000003 	 0.000003
1.100000 	 0.832144 	 0.808817 	 0.832147 	 0.832147 	 0.023327	 0.000003 	 0.000003
1.150000 	 0.791560 	 0.768376 	 0.791563 	 0.791563 	 0.023184	 0.000003 	 0.000003
1.200000 	 0.752955 	 0.729957 	 0.752958 	 0.752958 	 0.022998	 0.000003 	 0.000003
1.250000 	 0.716233 	 0.693459 	 0.716236 	 0.716236 	 0.022774	 0.000003 	 0.000003
1.300000 	 0.681302 	 0.658786 	 0.681304 	 0.681305 	 0.022516	 0.000003 	 0.000003
1.350000 	 0.648074 	 0.625847 	 0.648077 	 0.648077 	 0.022227	 0.000003 	 0.000002
1.400000 	 0.616467 	 0.594555 	 0.616470 	 0.616470 	 0.021913	 0.000002 	 0.000002
1.450000 	 0.586402 	 0.564827 	 0.586404 	 0.586404 	 0.021575	 0.000002 	 0.000002
1.500000 	 0.557803 	 0.536585 	 0.557805 	 0.557805 	 0.021217	 0.000002 	 0.000002
1.550000 	 0.530598 	 0.509756 	 0.530600 	 0.530600 	 0.020842	 0.000002 	 0.000002
1.600000 	 0.504721 	 0.484268 	 0.504723 	 0.504723 	 0.020452	 0.000002 	 0.000002
1.650000 	 0.480105 	 0.460055 	 0.480107 	 0.480107 	 0.020050	 0.000002 	 0.000002
1.700000 	 0.456690 	 0.437052 	 0.456692 	 0.456692 	 0.019638	 0.000002 	 0.000002
1.750000 	 0.434417 	 0.415200 	 0.434419 	 0.434419 	 0.019218	 0.000002 	 0.000002
1.800000 	 0.413230 	 0.394440 	 0.413232 	 0.413232 	 0.018791	 0.000002 	 0.000002
1.850000 	 0.393077 	 0.374718 	 0.393078 	 0.393079 	 0.018359	 0.000002 	 0.000002
1.900000 	 0.373906 	 0.355982 	 0.373908 	 0.373908 	 0.017925	 0.000001 	 0.000001
1.950000 	 0.355671 	 0.338183 	 0.355672 	 0.355672 	 0.017488	 0.000001 	 0.000001
2.000000 	 0.338324 	 0.321274 	 0.338326 	 0.338326 	 0.017051	 0.000001 	 0.000001
2.050000 	 0.321824 	 0.305210 	 0.321825 	 0.321825 	 0.016614	 0.000001 	 0.000001
2.100000 	 0.306129 	 0.289949 	 0.306130 	 0.306130 	 0.016179	 0.000001 	 0.000001
2.150000 	 0.291199 	 0.275452 	 0.291200 	 0.291200 	 0.015747	 0.000001 	 0.000001
2.200000 	 0.276997 	 0.261679 	 0.276998 	 0.276998 	 0.015317	 0.000001 	 0.000001
2.250000 	 0.263487 	 0.248595 	 0.263488 	 0.263488 	 0.014892	 0.000001 	 0.000001
2.300000 	 0.250637 	 0.236166 	 0.250638 	 0.250638 	 0.014471	 0.000001 	 0.000001
2.350000 	 0.238413 	 0.224357 	 0.238414 	 0.238414 	 0.014056	 0.000001 	 0.000001
2.400000 	 0.226786 	 0.213139 	 0.226787 	 0.226787 	 0.013646	 0.000001 	 0.000001
2.450000 	 0.215725 	 0.202482 	 0.215726 	 0.215726 	 0.013243	 0.000001 	 0.000001
2.500000 	 0.205204 	 0.192358 	 0.205205 	 0.205205 	 0.012846	 0.000001 	 0.000001
2.550000 	 0.195196 	 0.182740 	 0.195197 	 0.195197 	 0.012456	 0.000001 	 0.000001
2.600000 	 0.185676 	 0.173603 	 0.185677 	 0.185677 	 0.012073	 0.000001 	 0.000001
2.650000 	 0.176621 	 0.164923 	 0.176622 	 0.176622 	 0.011698	 0.000001 	 0.000001
2.700000 	 0.168007 	 0.156677 	 0.168008 	 0.168008 	 0.011330	 0.000001 	 0.000001
2.750000 	 0.159813 	 0.148843 	 0.159814 	 0.159814 	 0.010970	 0.000001 	 0.000001
2.800000 	 0.152019 	 0.141401 	 0.152020 	 0.152020 	 0.010618	 0.000001 	 0.000001
2.850000 	 0.144605 	 0.134331 	 0.144605 	 0.144606 	 0.010274	 0.000001 	 0.000001
2.900000 	 0.137552 	 0.127614 	 0.137553 	 0.137553 	 0.009938	 0.000001 	 0.000001
2.950000 	 0.130844 	 0.121234 	 0.130844 	 0.130844 	 0.009610	 0.000001 	 0.000001
3.000000 	 0.124463 	 0.115172 	 0.124463 	 0.124463 	 0.009291	 0.000000 	 0.000000
3.050000 	 0.118393 	 0.109413 	 0.118393 	 0.118393 	 0.008979	 0.000000 	 0.000000
3.100000 	 0.112618 	 0.103943 	 0.112619 	 0.112619 	 0.008676	 0.000000 	 0.000000
3.150000 	 0.107126 	 0.098746 	 0.107126 	 0.107126 	 0.008380	 0.000000 	 0.000000
3.200000 	 0.101901 	 0.093808 	 0.101902 	 0.101902 	 0.008093	 0.000000 	 0.000000
3.250000 	 0.096932 	 0.089118 	 0.096932 	 0.096932 	 0.007814	 0.000000 	 0.000000
3.300000 	 0.092204 	 0.084662 	 0.092205 	 0.092205 	 0.007542	 0.000000 	 0.000000
3.350000 	 0.087707 	 0.080429 	 0.087708 	 0.087708 	 0.007278	 0.000000 	 0.000000
3.400000 	 0.083430 	 0.076407 	 0.083430 	 0.083430 	 0.007022	 0.000000 	 0.000000
3.450000 	 0.079361 	 0.072587 	 0.079361 	 0.079361 	 0.006774	 0.000000 	 0.000000
3.500000 	 0.075490 	 0.068958 	 0.075491 	 0.075491 	 0.006533	 0.000000 	 0.000000
3.550000 	 0.071809 	 0.065510 	 0.071809 	 0.071809 	 0.006299	 0.000000 	 0.000000
3.600000 	 0.068307 	 0.062234 	 0.068307 	 0.068307 	 0.006072	 0.000000 	 0.000000
3.650000 	 0.064975 	 0.059123 	 0.064975 	 0.064975 	 0.005853	 0.000000 	 0.000000
3.700000 	 0.061806 	 0.056167 	 0.061807 	 0.061807 	 0.005640	 0.000000 	 0.000000
3.750000 	 0.058792 	 0.053358 	 0.058792 	 0.058792 	 0.005434	 0.000000 	 0.000000
3.800000 	 0.055925 	 0.050690 	 0.055925 	 0.055925 	 0.005234	 0.000000 	 0.000000
3.850000 	 0.053197 	 0.048156 	 0.053197 	 0.053197 	 0.005041	 0.000000 	 0.000000
3.900000 	 0.050603 	 0.045748 	 0.050603 	 0.050603 	 0.004855	 0.000000 	 0.000000
3.950000 	 0.048135 	 0.043461 	 0.048135 	 0.048135 	 0.004674	 0.000000 	 0.000000
4.000000 	 0.045787 	 0.041288 	 0.045787 	 0.045787 	 0.004500	 0.000000 	 0.000000
4.050000 	 0.043554 	 0.039223 	 0.043554 	 0.043554 	 0.004331	 0.000000 	 0.000000
4.100000 	 0.041430 	 0.037262 	 0.041430 	 0.041430 	 0.004168	 0.000000 	 0.000000
4.150000 	 0.039409 	 0.035399 	 0.039410 	 0.039410 	 0.004011	 0.000000 	 0.000000
4.200000 	 0.037487 	 0.033629 	 0.037488 	 0.037488 	 0.003858	 0.000000 	 0.000000
4.250000 	 0.035659 	 0.031948 	 0.035659 	 0.035659 	 0.003712	 0.000000 	 0.000000
4.300000 	 0.033920 	 0.030350 	 0.033920 	 0.033920 	 0.003570	 0.000000 	 0.000000
4.350000 	 0.032266 	 0.028833 	 0.032266 	 0.032266 	 0.003433	 0.000000 	 0.000000
4.400000 	 0.030692 	 0.027391 	 0.030692 	 0.030692 	 0.003301	 0.000000 	 0.000000
4.450000 	 0.029195 	 0.026021 	 0.029195 	 0.029195 	 0.003174	 0.000000 	 0.000000
4.500000 	 0.027771 	 0.024720 	 0.027771 	 0.027771 	 0.003051	 0.000000 	 0.000000
4.550000 	 0.026417 	 0.023484 	 0.026417 	 0.026417 	 0.002933	 0.000000 	 0.000000
4.600000 	 0.025129 	 0.022310 	 0.025129 	 0.025129 	 0.002818	 0.000000 	 0.000000
4.650000 	 0.023903 	 0.021195 	 0.023903 	 0.023903 	 0.002708	 0.000000 	 0.000000
4.700000 	 0.022737 	 0.020135 	 0.022737 	 0.022737 	 0.002602	 0.000000 	 0.000000
4.750000 	 0.021628 	 0.019128 	 0.021628 	 0.021628 	 0.002500	 0.000000 	 0.000000
4.800000 	 0.020574 	 0.018172 	 0.020574 	 0.020574 	 0.002402	 0.000000 	 0.000000
4.850000 	 0.019570 	 0.017263 	 0.019570 	 0.019570 	 0.002307	 0.000000 	 0.000000
4.900000 	 0.018616 	 0.016400 	 0.018616 	 0.018616 	 0.002216	 0.000000 	 0.000000
4.950000 	 0.017708 	 0.015580 	 0.017708 	 0.017708 	 0.002128	 0.000000 	 0.000000
5.000000 	 0.016844 	 0.014801 	 0.016844 	 0.016844 	 0.002043	 0.000000 	 0.000000
5.050000 	 0.016023 	 0.014061 	 0.016023 	 0.016023 	 0.001962	 0.000000 	 0.000000
