This is pdfTeX, Version 3.1415926-1.40.10 (TeX Live 2009/Debian) (format=latex 2013.9.3)  1 OCT 2013 01:43
entering extended mode
 %&-line parsing enabled.
**asgn3.tex
(./asgn3.tex
LaTeX2e <2009/09/24>
Babel <v3.8l> and hyphenation patterns for english, usenglishmax, dumylang, noh
yphenation, loaded.
(/usr/share/texmf-texlive/tex/latex/base/article.cls
Document Class: article 2007/10/19 v1.4h Standard LaTeX document class
(/usr/share/texmf-texlive/tex/latex/base/size12.clo
File: size12.clo 2007/10/19 v1.4h Standard LaTeX file (size option)
)
\c@part=\count79
\c@section=\count80
\c@subsection=\count81
\c@subsubsection=\count82
\c@paragraph=\count83
\c@subparagraph=\count84
\c@figure=\count85
\c@table=\count86
\abovecaptionskip=\skip41
\belowcaptionskip=\skip42
\bibindent=\dimen102
)
(/usr/share/texmf-texlive/tex/latex/graphics/epsfig.sty
Package: epsfig 1999/02/16 v1.7a (e)psfig emulation (SPQR)

(/usr/share/texmf-texlive/tex/latex/graphics/graphicx.sty
Package: graphicx 1999/02/16 v1.0f Enhanced LaTeX Graphics (DPC,SPQR)

(/usr/share/texmf-texlive/tex/latex/graphics/keyval.sty
Package: keyval 1999/03/16 v1.13 key=value parser (DPC)
\KV@toks@=\toks14
)
(/usr/share/texmf-texlive/tex/latex/graphics/graphics.sty
Package: graphics 2009/02/05 v1.0o Standard LaTeX Graphics (DPC,SPQR)

(/usr/share/texmf-texlive/tex/latex/graphics/trig.sty
Package: trig 1999/03/16 v1.09 sin cos tan (DPC)
)
(/etc/texmf/tex/latex/config/graphics.cfg
File: graphics.cfg 2009/08/28 v1.8 graphics configuration of TeX Live
)
Package graphics Info: Driver file: dvips.def on input line 91.

(/usr/share/texmf-texlive/tex/latex/graphics/dvips.def
File: dvips.def 1999/02/16 v3.0i Driver-dependant file (DPC,SPQR)
))
\Gin@req@height=\dimen103
\Gin@req@width=\dimen104
)
\epsfxsize=\dimen105
\epsfysize=\dimen106
)
(/usr/share/texmf-texlive/tex/latex/ltxmisc/url.sty
\Urlmuskip=\muskip10
Package: url 2006/04/12  ver 3.3  Verb mode for urls, etc.
) (./asgn3.aux)
\openout1 = `asgn3.aux'.

LaTeX Font Info:    Checking defaults for OML/cmm/m/it on input line 7.
LaTeX Font Info:    ... okay on input line 7.
LaTeX Font Info:    Checking defaults for T1/cmr/m/n on input line 7.
LaTeX Font Info:    ... okay on input line 7.
LaTeX Font Info:    Checking defaults for OT1/cmr/m/n on input line 7.
LaTeX Font Info:    ... okay on input line 7.
LaTeX Font Info:    Checking defaults for OMS/cmsy/m/n on input line 7.
LaTeX Font Info:    ... okay on input line 7.
LaTeX Font Info:    Checking defaults for OMX/cmex/m/n on input line 7.
LaTeX Font Info:    ... okay on input line 7.
LaTeX Font Info:    Checking defaults for U/cmr/m/n on input line 7.
LaTeX Font Info:    ... okay on input line 7.
LaTeX Font Info:    External font `cmex10' loaded for size
(Font)              <12> on input line 24.
LaTeX Font Info:    External font `cmex10' loaded for size
(Font)              <8> on input line 24.
LaTeX Font Info:    External font `cmex10' loaded for size
(Font)              <6> on input line 24.
 [1

]
File: data/figures/A.eps Graphic file (type eps)

<data/figures/A.eps>
Overfull \hbox (8.34183pt too wide) in paragraph at lines 71--72
 [] 
 []

[2]
File: data/figures/B.eps Graphic file (type eps)
 <data/figures/B.eps>
Overfull \hbox (8.34183pt too wide) in paragraph at lines 99--100
 [] 
 []

[3]
File: data/figures/C.eps Graphic file (type eps)
 <data/figures/C.eps>
Overfull \hbox (8.34183pt too wide) in paragraph at lines 124--125
 [] 
 []

[4]
File: data/figures/D.eps Graphic file (type eps)
 <data/figures/D.eps>
Overfull \hbox (8.34183pt too wide) in paragraph at lines 152--153
 [] 
 []

[5]
File: data/figures/E.eps Graphic file (type eps)
 <data/figures/E.eps>
Overfull \hbox (8.34183pt too wide) in paragraph at lines 183--184
 [] 
 []

[6]
File: data/figures/F.eps Graphic file (type eps)
 <data/figures/F.eps>
Overfull \hbox (8.34183pt too wide) in paragraph at lines 209--210
 [] 
 []


Overfull \hbox (29.9002pt too wide) in paragraph at lines 216--217
[]$\OT1/cmtt/m/n/12 http : / / www . frontiersin . org / Cellular _ Neuroscienc
e / 10 . 3389 / fncel . 2012 .
 []

[7]
File: data/figures/G.eps Graphic file (type eps)
 <data/figures/G.eps>
Overfull \hbox (8.34183pt too wide) in paragraph at lines 235--236
 [] 
 []

[8]
File: data/figures/H.eps Graphic file (type eps)
 <data/figures/H.eps>
Overfull \hbox (8.34183pt too wide) in paragraph at lines 267--268
 [] 
 []


Overfull \hbox (61.77522pt too wide) in paragraph at lines 272--273
[]$\OT1/cmtt/m/n/12 ftp : / / ftp-[]sop . inria . fr / athena / Team / Olivier 
. Faugeras / ArticlesCoursENS-[]MVA /
 []

[9]
File: data/figures/I.eps Graphic file (type eps)
 <data/figures/I.eps>
Overfull \hbox (8.34183pt too wide) in paragraph at lines 295--296
 [] 
 []

[10]
File: data/figures/J.eps Graphic file (type eps)
 <data/figures/J.eps>
Overfull \hbox (8.34183pt too wide) in paragraph at lines 327--328
 [] 
 []

[11]
File: data/figures/K.eps Graphic file (type eps)
 <data/figures/K.eps>
Overfull \hbox (8.34183pt too wide) in paragraph at lines 351--352
 [] 
 []

[12]
File: data/figures/L.eps Graphic file (type eps)
 <data/figures/L.eps>
Overfull \hbox (8.34183pt too wide) in paragraph at lines 382--383
 [] 
 []

[13]
File: data/figures/M.eps Graphic file (type eps)
 <data/figures/M.eps>
Overfull \hbox (8.34183pt too wide) in paragraph at lines 406--407
 [] 
 []


Overfull \hbox (5.2002pt too wide) in paragraph at lines 413--414
[]$\OT1/cmtt/m/n/12 http : / / bme2 . aut . ac . ir / []towhidkhah / MotorContr
ol / Resources / Gifani /
 []

[14]
File: data/figures/N.eps Graphic file (type eps)
 <data/figures/N.eps>
Overfull \hbox (8.34183pt too wide) in paragraph at lines 432--433
 [] 
 []

[15]
File: data/figures/O.eps Graphic file (type eps)
 <data/figures/O.eps>
Overfull \hbox (8.34183pt too wide) in paragraph at lines 460--461
 [] 
 []

[16]
File: data/figures/P.eps Graphic file (type eps)
 <data/figures/P.eps>
Overfull \hbox (8.34183pt too wide) in paragraph at lines 484--485
 [] 
 []

[17]
File: data/figures/Q.eps Graphic file (type eps)
 <data/figures/Q.eps>
Overfull \hbox (8.34183pt too wide) in paragraph at lines 512--513
 [] 
 []

[18]
File: data/figures/R.eps Graphic file (type eps)
 <data/figures/R.eps>
Overfull \hbox (8.34183pt too wide) in paragraph at lines 538--539
 [] 
 []

[19]
File: data/figures/S.eps Graphic file (type eps)
 <data/figures/S.eps>
Overfull \hbox (8.34183pt too wide) in paragraph at lines 568--569
 [] 
 []

[20]
File: data/figures/T.eps Graphic file (type eps)
 <data/figures/T.eps>
Overfull \hbox (8.34183pt too wide) in paragraph at lines 596--597
 [] 
 []

[21] [22] (./asgn3.aux) ) 
Here is how much of TeX's memory you used:
 706 strings out of 495062
 8230 string characters out of 1182645
 55712 words of memory out of 3000000
 3910 multiletter control sequences out of 15000+50000
 8063 words of font info for 29 fonts, out of 3000000 for 9000
 28 hyphenation exceptions out of 8191
 32i,4n,23p,649b,284s stack positions out of 5000i,500n,10000p,200000b,50000s

Output written on asgn3.dvi (22 pages, 34020 bytes).
