0.000000	 0.700000	 0.600000	 0.800000	 0.900000	 0.500000	 0.300000	 0.500000	 0.700000	 0.800000	 0.400000
0.150000	 0.473661	 0.547917	 0.704624	 0.687718	 0.384962	 0.327929	 0.412604	 0.627165	 0.607849	 0.269455
0.300000	 0.374807	 0.561119	 0.706154	 0.619941	 0.347120	 0.370113	 0.393970	 0.634981	 0.544189	 0.211204
0.450000	 0.318093	 0.580751	 0.721393	 0.590816	 0.330055	 0.404365	 0.390408	 0.652678	 0.515580	 0.177081
0.600000	 0.282285	 0.596650	 0.735112	 0.576156	 0.320956	 0.428905	 0.390611	 0.667641	 0.500543	 0.155134
0.750000	 0.258851	 0.607917	 0.745052	 0.568091	 0.315640	 0.445674	 0.391610	 0.678334	 0.491947	 0.140528
0.900000	 0.243299	 0.615526	 0.751767	 0.563446	 0.312390	 0.456902	 0.392611	 0.685547	 0.486825	 0.130680
1.050000	 0.208818	 0.547977	 0.668173	 0.496958	 0.275209	 0.409096	 0.348004	 0.609776	 0.428907	 0.111478
1.200000	 0.163616	 0.429359	 0.523538	 0.389385	 0.215636	 0.320541	 0.272674	 0.477781	 0.336064	 0.087347
1.350000	 0.141366	 0.370970	 0.452341	 0.336432	 0.186312	 0.276951	 0.235592	 0.412807	 0.290362	 0.075469
1.500000	 0.128509	 0.337230	 0.411200	 0.305833	 0.169366	 0.251761	 0.214165	 0.375262	 0.263953	 0.068605
1.650000	 0.120407	 0.315970	 0.385277	 0.286552	 0.158689	 0.235890	 0.200663	 0.351604	 0.247313	 0.064280
1.800000	 0.115026	 0.301849	 0.368059	 0.273746	 0.151597	 0.225348	 0.191696	 0.335891	 0.236261	 0.061407
1.950000	 0.111327	 0.292143	 0.356224	 0.264944	 0.146723	 0.218102	 0.185532	 0.325090	 0.228664	 0.059432
2.100000	 0.108725	 0.285315	 0.347897	 0.258751	 0.143293	 0.213004	 0.181195	 0.317492	 0.223319	 0.058043
2.250000	 0.106864	 0.280431	 0.341943	 0.254322	 0.140841	 0.209358	 0.178094	 0.312058	 0.219497	 0.057050
2.400000	 0.105518	 0.276899	 0.337636	 0.251119	 0.139067	 0.206721	 0.175851	 0.308127	 0.216732	 0.056331
2.550000	 0.104536	 0.274323	 0.334494	 0.248782	 0.137773	 0.204797	 0.174214	 0.305260	 0.214715	 0.055807
2.700000	 0.103816	 0.272432	 0.332188	 0.247067	 0.136823	 0.203386	 0.173013	 0.303156	 0.213235	 0.055422
2.850000	 0.103285	 0.271038	 0.330489	 0.245803	 0.136123	 0.202345	 0.172128	 0.301605	 0.212144	 0.055139
3.000000	 0.102892	 0.270007	 0.329232	 0.244869	 0.135605	 0.201576	 0.171474	 0.300458	 0.211337	 0.054929
3.150000	 0.102601	 0.269243	 0.328301	 0.244176	 0.135222	 0.201005	 0.170988	 0.299608	 0.210739	 0.054774
3.300000	 0.102385	 0.268676	 0.327609	 0.243661	 0.134937	 0.200582	 0.170628	 0.298976	 0.210295	 0.054658
3.450000	 0.102224	 0.268254	 0.327094	 0.243278	 0.134725	 0.200267	 0.170360	 0.298507	 0.209965	 0.054572
3.600000	 0.102104	 0.267940	 0.326711	 0.242994	 0.134567	 0.200032	 0.170161	 0.298157	 0.209719	 0.054509
3.750000	 0.102015	 0.267706	 0.326426	 0.242781	 0.134449	 0.199858	 0.170012	 0.297897	 0.209536	 0.054461
3.900000	 0.101948	 0.267531	 0.326213	 0.242623	 0.134362	 0.199728	 0.169901	 0.297703	 0.209399	 0.054425
4.050000	 0.101899	 0.267401	 0.326055	 0.242505	 0.134297	 0.199630	 0.169819	 0.297558	 0.209298	 0.054399
4.200000	 0.101862	 0.267304	 0.325937	 0.242418	 0.134248	 0.199558	 0.169757	 0.297450	 0.209222	 0.054379
4.350000	 0.101834	 0.267232	 0.325848	 0.242352	 0.134212	 0.199504	 0.169711	 0.297370	 0.209165	 0.054365
4.500000	 0.101814	 0.267178	 0.325783	 0.242303	 0.134184	 0.199464	 0.169677	 0.297310	 0.209123	 0.054354
4.650000	 0.101799	 0.267138	 0.325734	 0.242266	 0.134164	 0.199434	 0.169652	 0.297265	 0.209091	 0.054345
4.800000	 0.101787	 0.267108	 0.325697	 0.242239	 0.134149	 0.199411	 0.169632	 0.297231	 0.209068	 0.054339
4.950000	 0.101779	 0.267085	 0.325670	 0.242219	 0.134138	 0.199395	 0.169618	 0.297206	 0.209050	 0.054335
5.100000	 0.101772	 0.267069	 0.325649	 0.242204	 0.134129	 0.199382	 0.169608	 0.297188	 0.209037	 0.054331
5.250000	 0.101767	 0.267056	 0.325634	 0.242192	 0.134123	 0.199373	 0.169600	 0.297174	 0.209028	 0.054329
5.400000	 0.101764	 0.267047	 0.325623	 0.242184	 0.134118	 0.199366	 0.169594	 0.297164	 0.209020	 0.054327
5.550000	 0.101761	 0.267040	 0.325614	 0.242178	 0.134115	 0.199361	 0.169589	 0.297156	 0.209015	 0.054325
5.700000	 0.101759	 0.267035	 0.325608	 0.242173	 0.134112	 0.199357	 0.169586	 0.297150	 0.209011	 0.054324
5.850000	 0.101758	 0.267031	 0.325603	 0.242169	 0.134110	 0.199354	 0.169584	 0.297146	 0.209008	 0.054324
6.000000	 0.101757	 0.267028	 0.325599	 0.242167	 0.134109	 0.199352	 0.169582	 0.297142	 0.209005	 0.054323
6.150000	 0.101756	 0.267026	 0.325597	 0.242165	 0.134108	 0.199350	 0.169580	 0.297140	 0.209004	 0.054323
6.300000	 0.101755	 0.267024	 0.325595	 0.242163	 0.134107	 0.199349	 0.169579	 0.297138	 0.209002	 0.054322
6.450000	 0.101755	 0.267023	 0.325593	 0.242162	 0.134106	 0.199348	 0.169579	 0.297137	 0.209002	 0.054322
6.600000	 0.101754	 0.267022	 0.325592	 0.242161	 0.134106	 0.199347	 0.169578	 0.297136	 0.209001	 0.054322
6.750000	 0.101754	 0.267021	 0.325591	 0.242161	 0.134106	 0.199347	 0.169578	 0.297135	 0.209000	 0.054322
6.900000	 0.101754	 0.267021	 0.325591	 0.242160	 0.134105	 0.199346	 0.169577	 0.297135	 0.209000	 0.054322
7.050000	 0.101754	 0.267020	 0.325590	 0.242160	 0.134105	 0.199346	 0.169577	 0.297134	 0.209000	 0.054322
7.200000	 0.101754	 0.267020	 0.325590	 0.242160	 0.134105	 0.199346	 0.169577	 0.297134	 0.208999	 0.054321
7.350000	 0.101754	 0.267020	 0.325590	 0.242160	 0.134105	 0.199346	 0.169577	 0.297134	 0.208999	 0.054321
7.500000	 0.101754	 0.267020	 0.325590	 0.242159	 0.134105	 0.199346	 0.169577	 0.297134	 0.208999	 0.054321
7.650000	 0.101753	 0.267020	 0.325589	 0.242159	 0.134105	 0.199346	 0.169576	 0.297133	 0.208999	 0.054321
7.800000	 0.101753	 0.267020	 0.325589	 0.242159	 0.134105	 0.199345	 0.169576	 0.297133	 0.208999	 0.054321
7.950000	 0.101753	 0.267020	 0.325589	 0.242159	 0.134105	 0.199345	 0.169576	 0.297133	 0.208999	 0.054321
8.100000	 0.101753	 0.267020	 0.325589	 0.242159	 0.134105	 0.199345	 0.169576	 0.297133	 0.208999	 0.054321
8.250000	 0.101753	 0.267019	 0.325589	 0.242159	 0.134105	 0.199345	 0.169576	 0.297133	 0.208999	 0.054321
8.400000	 0.101753	 0.267019	 0.325589	 0.242159	 0.134105	 0.199345	 0.169576	 0.297133	 0.208999	 0.054321
8.550000	 0.101753	 0.267019	 0.325589	 0.242159	 0.134105	 0.199345	 0.169576	 0.297133	 0.208999	 0.054321
8.700000	 0.101753	 0.267019	 0.325589	 0.242159	 0.134105	 0.199345	 0.169576	 0.297133	 0.208999	 0.054321
8.850000	 0.101753	 0.267019	 0.325589	 0.242159	 0.134105	 0.199345	 0.169576	 0.297133	 0.208999	 0.054321
9.000000	 0.101753	 0.267019	 0.325589	 0.242159	 0.134105	 0.199345	 0.169576	 0.297133	 0.208999	 0.054321
9.150000	 0.101753	 0.267019	 0.325589	 0.242159	 0.134105	 0.199345	 0.169576	 0.297133	 0.208999	 0.054321
9.300000	 0.101753	 0.267019	 0.325589	 0.242159	 0.134105	 0.199345	 0.169576	 0.297133	 0.208999	 0.054321
9.450000	 0.101753	 0.267019	 0.325589	 0.242159	 0.134105	 0.199345	 0.169576	 0.297133	 0.208999	 0.054321
9.600000	 0.101753	 0.267019	 0.325589	 0.242159	 0.134105	 0.199345	 0.169576	 0.297133	 0.208999	 0.054321
9.750000	 0.101753	 0.267019	 0.325589	 0.242159	 0.134105	 0.199345	 0.169576	 0.297133	 0.208999	 0.054321
9.900000	 0.101753	 0.267019	 0.325589	 0.242159	 0.134105	 0.199345	 0.169576	 0.297133	 0.208999	 0.054321
