0.000000 	 2.499888 	 2.499941 	 2.499899 	 2.499899 	 0.000053	 0.000011 	 0.000011
0.050000 	 2.377967 	 2.374944 	 2.377977 	 2.377977 	 0.003023	 0.000010 	 0.000010
0.100000 	 2.261992 	 2.256197 	 2.262002 	 2.262002 	 0.005795	 0.000010 	 0.000010
0.150000 	 2.151674 	 2.143387 	 2.151683 	 2.151683 	 0.008287	 0.000009 	 0.000009
0.200000 	 2.046735 	 2.036217 	 2.046744 	 2.046744 	 0.010518	 0.000009 	 0.000009
0.250000 	 1.946915 	 1.934407 	 1.946923 	 1.946923 	 0.012508	 0.000008 	 0.000008
0.300000 	 1.851963 	 1.837686 	 1.851970 	 1.851970 	 0.014276	 0.000008 	 0.000008
0.350000 	 1.761641 	 1.745802 	 1.761649 	 1.761649 	 0.015839	 0.000008 	 0.000008
0.400000 	 1.675725 	 1.658512 	 1.675732 	 1.675732 	 0.017213	 0.000007 	 0.000007
0.450000 	 1.593999 	 1.575586 	 1.594006 	 1.594006 	 0.018413	 0.000007 	 0.000007
0.500000 	 1.516259 	 1.496807 	 1.516265 	 1.516265 	 0.019452	 0.000007 	 0.000007
0.550000 	 1.442310 	 1.421967 	 1.442316 	 1.442316 	 0.020343	 0.000006 	 0.000006
0.600000 	 1.371967 	 1.350868 	 1.371974 	 1.371974 	 0.021099	 0.000006 	 0.000006
0.650000 	 1.305056 	 1.283325 	 1.305062 	 1.305062 	 0.021731	 0.000006 	 0.000006
0.700000 	 1.241408 	 1.219159 	 1.241413 	 1.241413 	 0.022249	 0.000005 	 0.000005
0.750000 	 1.180863 	 1.158201 	 1.180869 	 1.180869 	 0.022663	 0.000005 	 0.000005
0.800000 	 1.123272 	 1.100291 	 1.123277 	 1.123277 	 0.022981	 0.000005 	 0.000005
0.850000 	 1.068489 	 1.045276 	 1.068494 	 1.068494 	 0.023213	 0.000005 	 0.000005
0.900000 	 1.016378 	 0.993012 	 1.016383 	 1.016383 	 0.023366	 0.000005 	 0.000005
0.950000 	 0.966809 	 0.943362 	 0.966813 	 0.966813 	 0.023447	 0.000004 	 0.000004
1.000000 	 0.919657 	 0.896194 	 0.919661 	 0.919661 	 0.023464	 0.000004 	 0.000004
1.050000 	 0.874805 	 0.851384 	 0.874809 	 0.874809 	 0.023421	 0.000004 	 0.000004
1.100000 	 0.832140 	 0.808815 	 0.832144 	 0.832144 	 0.023326	 0.000004 	 0.000004
1.150000 	 0.791556 	 0.768374 	 0.791560 	 0.791560 	 0.023182	 0.000003 	 0.000003
1.200000 	 0.752952 	 0.729955 	 0.752955 	 0.752955 	 0.022997	 0.000003 	 0.000003
1.250000 	 0.716230 	 0.693458 	 0.716233 	 0.716233 	 0.022772	 0.000003 	 0.000003
1.300000 	 0.681299 	 0.658785 	 0.681302 	 0.681302 	 0.022514	 0.000003 	 0.000003
1.350000 	 0.648072 	 0.625845 	 0.648074 	 0.648074 	 0.022226	 0.000003 	 0.000003
1.400000 	 0.616465 	 0.594553 	 0.616467 	 0.616467 	 0.021912	 0.000003 	 0.000003
1.450000 	 0.586400 	 0.564826 	 0.586402 	 0.586402 	 0.021574	 0.000002 	 0.000002
1.500000 	 0.557801 	 0.536584 	 0.557803 	 0.557803 	 0.021216	 0.000002 	 0.000002
1.550000 	 0.530596 	 0.509755 	 0.530598 	 0.530598 	 0.020841	 0.000002 	 0.000002
1.600000 	 0.504719 	 0.484267 	 0.504721 	 0.504721 	 0.020452	 0.000002 	 0.000002
1.649999 	 0.480103 	 0.460054 	 0.480105 	 0.480105 	 0.020050	 0.000002 	 0.000002
1.699999 	 0.456689 	 0.437051 	 0.456690 	 0.456690 	 0.019637	 0.000002 	 0.000002
1.749999 	 0.434416 	 0.415199 	 0.434417 	 0.434417 	 0.019217	 0.000002 	 0.000002
1.799999 	 0.413229 	 0.394439 	 0.413231 	 0.413231 	 0.018790	 0.000002 	 0.000002
1.849999 	 0.393076 	 0.374717 	 0.393077 	 0.393077 	 0.018359	 0.000001 	 0.000001
1.899999 	 0.373905 	 0.355981 	 0.373906 	 0.373906 	 0.017924	 0.000001 	 0.000001
1.949999 	 0.355670 	 0.338182 	 0.355671 	 0.355671 	 0.017488	 0.000001 	 0.000001
1.999999 	 0.338323 	 0.321273 	 0.338325 	 0.338325 	 0.017051	 0.000001 	 0.000001
2.049999 	 0.321823 	 0.305209 	 0.321824 	 0.321824 	 0.016614	 0.000001 	 0.000001
2.099999 	 0.306128 	 0.289949 	 0.306129 	 0.306129 	 0.016179	 0.000001 	 0.000001
2.149999 	 0.291198 	 0.275451 	 0.291199 	 0.291199 	 0.015746	 0.000001 	 0.000001
2.199999 	 0.276996 	 0.261679 	 0.276997 	 0.276997 	 0.015317	 0.000001 	 0.000001
2.249999 	 0.263487 	 0.248595 	 0.263487 	 0.263487 	 0.014892	 0.000001 	 0.000001
2.299999 	 0.250636 	 0.236165 	 0.250637 	 0.250637 	 0.014471	 0.000001 	 0.000001
2.349999 	 0.238412 	 0.224357 	 0.238413 	 0.238413 	 0.014056	 0.000001 	 0.000001
2.399999 	 0.226785 	 0.213139 	 0.226786 	 0.226786 	 0.013646	 0.000001 	 0.000001
2.449999 	 0.215725 	 0.202482 	 0.215725 	 0.215725 	 0.013243	 0.000001 	 0.000001
2.499999 	 0.205204 	 0.192358 	 0.205204 	 0.205204 	 0.012846	 0.000001 	 0.000001
2.549999 	 0.195196 	 0.182740 	 0.195196 	 0.195196 	 0.012456	 0.000001 	 0.000001
2.599999 	 0.185676 	 0.173603 	 0.185676 	 0.185676 	 0.012073	 0.000001 	 0.000001
2.649999 	 0.176620 	 0.164923 	 0.176621 	 0.176621 	 0.011697	 0.000001 	 0.000001
2.699999 	 0.168006 	 0.156677 	 0.168007 	 0.168007 	 0.011330	 0.000001 	 0.000001
2.749999 	 0.159813 	 0.148843 	 0.159813 	 0.159813 	 0.010970	 0.000001 	 0.000000
2.799999 	 0.152019 	 0.141401 	 0.152019 	 0.152019 	 0.010618	 0.000000 	 0.000000
2.849998 	 0.144605 	 0.134331 	 0.144605 	 0.144605 	 0.010274	 0.000000 	 0.000000
2.899998 	 0.137552 	 0.127614 	 0.137552 	 0.137553 	 0.009938	 0.000000 	 0.000000
2.949998 	 0.130844 	 0.121233 	 0.130844 	 0.130844 	 0.009610	 0.000000 	 0.000000
2.999998 	 0.124462 	 0.115172 	 0.124463 	 0.124463 	 0.009291	 0.000000 	 0.000000
3.049998 	 0.118392 	 0.109413 	 0.118393 	 0.118393 	 0.008979	 0.000000 	 0.000000
3.099998 	 0.112618 	 0.103943 	 0.112618 	 0.112618 	 0.008676	 0.000000 	 0.000000
3.149998 	 0.107126 	 0.098745 	 0.107126 	 0.107126 	 0.008380	 0.000000 	 0.000000
3.199998 	 0.101901 	 0.093808 	 0.101901 	 0.101901 	 0.008093	 0.000000 	 0.000000
3.249998 	 0.096931 	 0.089118 	 0.096932 	 0.096932 	 0.007814	 0.000000 	 0.000000
3.299998 	 0.092204 	 0.084662 	 0.092204 	 0.092204 	 0.007542	 0.000000 	 0.000000
3.349998 	 0.087707 	 0.080429 	 0.087707 	 0.087707 	 0.007278	 0.000000 	 0.000000
3.399998 	 0.083430 	 0.076407 	 0.083430 	 0.083430 	 0.007022	 0.000000 	 0.000000
3.449998 	 0.079361 	 0.072587 	 0.079361 	 0.079361 	 0.006774	 0.000000 	 0.000000
3.499998 	 0.075490 	 0.068958 	 0.075490 	 0.075490 	 0.006533	 0.000000 	 0.000000
3.549998 	 0.071809 	 0.065510 	 0.071809 	 0.071809 	 0.006299	 0.000000 	 0.000000
3.599998 	 0.068306 	 0.062234 	 0.068307 	 0.068307 	 0.006072	 0.000000 	 0.000000
3.649998 	 0.064975 	 0.059123 	 0.064975 	 0.064975 	 0.005853	 0.000000 	 0.000000
3.699998 	 0.061806 	 0.056166 	 0.061806 	 0.061806 	 0.005640	 0.000000 	 0.000000
3.749998 	 0.058792 	 0.053358 	 0.058792 	 0.058792 	 0.005434	 0.000000 	 0.000000
3.799998 	 0.055925 	 0.050690 	 0.055925 	 0.055925 	 0.005234	 0.000000 	 0.000000
3.849998 	 0.053197 	 0.048156 	 0.053197 	 0.053197 	 0.005041	 0.000000 	 0.000000
3.899997 	 0.050603 	 0.045748 	 0.050603 	 0.050603 	 0.004855	 0.000000 	 0.000000
3.949997 	 0.048135 	 0.043460 	 0.048135 	 0.048135 	 0.004674	 0.000000 	 0.000000
3.999997 	 0.045787 	 0.041287 	 0.045787 	 0.045787 	 0.004500	 0.000000 	 0.000000
4.049997 	 0.043554 	 0.039223 	 0.043554 	 0.043554 	 0.004331	 0.000000 	 0.000000
4.099998 	 0.041430 	 0.037262 	 0.041430 	 0.041430 	 0.004168	 0.000000 	 0.000000
4.149998 	 0.039409 	 0.035399 	 0.039409 	 0.039409 	 0.004011	 0.000000 	 0.000000
4.199998 	 0.037487 	 0.033629 	 0.037487 	 0.037487 	 0.003858	 0.000000 	 0.000000
4.249998 	 0.035659 	 0.031947 	 0.035659 	 0.035659 	 0.003712	 0.000000 	 0.000000
4.299998 	 0.033920 	 0.030350 	 0.033920 	 0.033920 	 0.003570	 0.000000 	 0.000000
4.349998 	 0.032266 	 0.028833 	 0.032266 	 0.032266 	 0.003433	 0.000000 	 0.000000
4.399999 	 0.030692 	 0.027391 	 0.030692 	 0.030692 	 0.003301	 0.000000 	 0.000000
4.449999 	 0.029195 	 0.026021 	 0.029195 	 0.029195 	 0.003174	 0.000000 	 0.000000
4.499999 	 0.027771 	 0.024720 	 0.027771 	 0.027771 	 0.003051	 0.000000 	 0.000000
4.549999 	 0.026417 	 0.023484 	 0.026417 	 0.026417 	 0.002933	 0.000000 	 0.000000
4.599999 	 0.025128 	 0.022310 	 0.025129 	 0.025129 	 0.002818	 0.000000 	 0.000000
4.650000 	 0.023903 	 0.021195 	 0.023903 	 0.023903 	 0.002708	 0.000000 	 0.000000
4.700000 	 0.022737 	 0.020135 	 0.022737 	 0.022737 	 0.002602	 0.000000 	 0.000000
4.750000 	 0.021628 	 0.019128 	 0.021628 	 0.021628 	 0.002500	 0.000000 	 0.000000
4.800000 	 0.020573 	 0.018172 	 0.020574 	 0.020574 	 0.002402	 0.000000 	 0.000000
4.850000 	 0.019570 	 0.017263 	 0.019570 	 0.019570 	 0.002307	 0.000000 	 0.000000
4.900001 	 0.018616 	 0.016400 	 0.018616 	 0.018616 	 0.002216	 0.000000 	 0.000000
4.950001 	 0.017708 	 0.015580 	 0.017708 	 0.017708 	 0.002128	 0.000000 	 0.000000
5.000001 	 0.016844 	 0.014801 	 0.016844 	 0.016844 	 0.002043	 0.000000 	 0.000000
