0.000000 	 -50.000000 	 -50.000000 	 -15.000000 	 -15.000000 	 0.000000 	 0.000000
1.000000 	 -45.000000 	 -44.016666 	 -14.835000 	 -14.921667 	 0.000000 	 0.000000
2.000000 	 -34.165001 	 -27.653566 	 -14.537395 	 -14.775436 	 0.000000 	 0.000000
3.000000 	 -3.762718 	 -60.000000 	 -13.859441 	 -14.775436 	 0.000000 	 0.000000
4.000000 	 -60.000000 	 -61.248516 	 -13.859441 	 -14.804948 	 0.000000 	 0.000000
5.000000 	 -62.140560 	 -62.631916 	 -13.974296 	 -14.844276 	 0.000000 	 0.000000
6.000000 	 -64.411095 	 -64.009308 	 -14.112925 	 -14.893857 	 0.000000 	 0.000000
7.000000 	 -66.402077 	 -65.223633 	 -14.270506 	 -14.952881 	 0.000000 	 0.000000
8.000000 	 -67.772522 	 -66.164314 	 -14.438024 	 -15.019380 	 0.000000 	 0.000000
9.000000 	 -68.472519 	 -66.802559 	 -14.606265 	 -15.090764 	 0.000000 	 0.000000
10.000000 	 -68.689415 	 -67.177139 	 -14.768914 	 -15.164491 	 0.000000 	 2.000000
11.000000 	 -66.638145 	 -65.458694 	 -14.896764 	 -15.234166 	 0.000000 	 2.000000
12.000000 	 -65.306412 	 -64.150269 	 -15.000910 	 -15.288707 	 0.000000 	 2.000000
13.000000 	 -64.240463 	 -63.007511 	 -15.085990 	 -15.331181 	 0.000000 	 0.150000
14.000000 	 -65.133308 	 -63.748302 	 -15.178424 	 -15.366952 	 0.000000 	 0.000000
15.000000 	 -65.927513 	 -64.540810 	 -15.276560 	 -15.407873 	 0.000000 	 0.000000
16.000000 	 -66.431038 	 -65.183479 	 -15.376336 	 -15.453737 	 0.000000 	 0.000000
17.000000 	 -66.686577 	 -65.659348 	 -15.474444 	 -15.503085 	 0.000000 	 0.000000
18.000000 	 -66.761032 	 -65.978485 	 -15.568615 	 -15.554438 	 0.000000 	 0.000000
19.000000 	 -66.716164 	 -66.166611 	 -15.657495 	 -15.606496 	 0.000000 	 0.000000
20.000000 	 -66.597626 	 -66.253799 	 -15.740389 	 -15.658224 	 0.000000 	 0.000000
21.000000 	 -66.435616 	 -66.267456 	 -15.817033 	 -15.708867 	 0.000000 	 0.000000
22.000000 	 -66.249023 	 -66.229500 	 -15.887418 	 -15.757901 	 0.000000 	 0.000000
23.000000 	 -66.049400 	 -66.156219 	 -15.951690 	 -15.804988 	 0.000000 	 0.000000
24.000000 	 -65.843781 	 -66.059204 	 -16.010074 	 -15.849921 	 0.000000 	 0.000000
25.000000 	 -65.636475 	 -65.946503 	 -16.062845 	 -15.892588 	 0.000000 	 0.000000
26.000000 	 -65.430130 	 -65.823654 	 -16.110294 	 -15.932940 	 0.000000 	 0.000000
27.000000 	 -65.226410 	 -65.694427 	 -16.152723 	 -15.970970 	 0.000000 	 0.000000
28.000000 	 -65.026352 	 -65.561424 	 -16.190429 	 -16.006701 	 0.000000 	 0.000000
29.000000 	 -64.830627 	 -65.426430 	 -16.223706 	 -16.040175 	 0.000000 	 0.000000
30.000000 	 -64.639648 	 -65.290665 	 -16.252836 	 -16.071447 	 0.000000 	 0.000000
31.000000 	 -64.453690 	 -65.154999 	 -16.278092 	 -16.100579 	 0.000000 	 0.000000
32.000000 	 -64.272919 	 -65.020035 	 -16.299736 	 -16.127639 	 0.000000 	 0.000000
33.000000 	 -64.097450 	 -64.886200 	 -16.318016 	 -16.152696 	 0.000000 	 0.000000
34.000000 	 -63.927361 	 -64.753799 	 -16.333171 	 -16.175824 	 0.000000 	 0.000000
35.000000 	 -63.762695 	 -64.623055 	 -16.345427 	 -16.197093 	 0.000000 	 0.000000
36.000000 	 -63.603493 	 -64.494125 	 -16.355001 	 -16.216576 	 0.000000 	 0.000000
37.000000 	 -63.449783 	 -64.367126 	 -16.362098 	 -16.234344 	 0.000000 	 0.000000
38.000000 	 -63.301601 	 -64.242142 	 -16.366914 	 -16.250466 	 0.000000 	 0.000000
39.000000 	 -63.158985 	 -64.119232 	 -16.369635 	 -16.265011 	 0.000000 	 0.000000
40.000000 	 -63.021980 	 -63.998455 	 -16.370439 	 -16.278046 	 0.000000 	 0.000000
41.000000 	 -62.890644 	 -63.879845 	 -16.369496 	 -16.289637 	 0.000000 	 0.000000
42.000000 	 -62.765045 	 -63.763432 	 -16.366966 	 -16.299848 	 0.000000 	 0.000000
43.000000 	 -62.645267 	 -63.649239 	 -16.363007 	 -16.308742 	 0.000000 	 0.000000
44.000000 	 -62.531418 	 -63.537292 	 -16.357765 	 -16.316378 	 0.000000 	 0.000000
45.000000 	 -62.423615 	 -63.427616 	 -16.351383 	 -16.322816 	 0.000000 	 0.000000
46.000000 	 -62.321999 	 -63.320229 	 -16.344000 	 -16.328114 	 0.000000 	 0.000000
47.000000 	 -62.226730 	 -63.215153 	 -16.335748 	 -16.332327 	 0.000000 	 0.000000
48.000000 	 -62.137997 	 -63.112415 	 -16.326754 	 -16.335511 	 0.000000 	 0.000000
49.000000 	 -62.056000 	 -63.012043 	 -16.317145 	 -16.337717 	 0.000000 	 0.000000
50.000000 	 -61.980968 	 -62.914066 	 -16.307040 	 -16.338999 	 0.000000 	 0.000000
51.000000 	 -61.913155 	 -62.818523 	 -16.296559 	 -16.339405 	 0.000000 	 0.000000
52.000000 	 -61.852821 	 -62.725452 	 -16.285818 	 -16.338986 	 0.000000 	 0.000000
53.000000 	 -61.800251 	 -62.634907 	 -16.274930 	 -16.337788 	 0.000000 	 0.000000
54.000000 	 -61.755733 	 -62.546936 	 -16.264008 	 -16.335860 	 0.000000 	 0.000000
55.000000 	 -61.719566 	 -62.461605 	 -16.253162 	 -16.333247 	 0.000000 	 0.000000
56.000000 	 -61.692039 	 -62.378986 	 -16.242500 	 -16.329994 	 0.000000 	 0.000000
57.000000 	 -61.673428 	 -62.299164 	 -16.232130 	 -16.326146 	 0.000000 	 0.000000
58.000000 	 -61.663967 	 -62.222225 	 -16.222155 	 -16.321745 	 0.000000 	 0.000000
59.000000 	 -61.663853 	 -62.148277 	 -16.212677 	 -16.316835 	 0.000000 	 0.000000
60.000000 	 -61.673210 	 -62.077442 	 -16.203795 	 -16.311459 	 0.000000 	 0.000000
61.000000 	 -61.692070 	 -62.009850 	 -16.195602 	 -16.305659 	 0.000000 	 0.000000
62.000000 	 -61.720356 	 -61.945652 	 -16.188187 	 -16.299477 	 0.000000 	 0.000000
63.000000 	 -61.757854 	 -61.885014 	 -16.181630 	 -16.292954 	 0.000000 	 0.000000
64.000000 	 -61.804195 	 -61.828125 	 -16.176003 	 -16.286134 	 0.000000 	 0.000000
65.000000 	 -61.858826 	 -61.775185 	 -16.171367 	 -16.279059 	 0.000000 	 0.000000
66.000000 	 -61.921013 	 -61.726425 	 -16.167772 	 -16.271771 	 0.000000 	 0.000000
67.000000 	 -61.989830 	 -61.682091 	 -16.165251 	 -16.264314 	 0.000000 	 0.000000
68.000000 	 -62.064167 	 -61.642448 	 -16.163823 	 -16.256732 	 0.000000 	 0.000000
69.000000 	 -62.142746 	 -61.607792 	 -16.163487 	 -16.249071 	 0.000000 	 0.000000
70.000000 	 -62.224152 	 -61.578430 	 -16.164227 	 -16.241377 	 0.000000 	 0.000000
71.000000 	 -62.306881 	 -61.554691 	 -16.166005 	 -16.233696 	 0.000000 	 0.000000
72.000000 	 -62.389385 	 -61.536915 	 -16.168767 	 -16.226079 	 0.000000 	 0.000000
73.000000 	 -62.470127 	 -61.525452 	 -16.172440 	 -16.218574 	 0.000000 	 0.000000
74.000000 	 -62.547649 	 -61.520653 	 -16.176938 	 -16.211233 	 0.000000 	 0.000000
75.000000 	 -62.620621 	 -61.522858 	 -16.182159 	 -16.204109 	 0.000000 	 0.000000
76.000000 	 -62.687881 	 -61.532391 	 -16.187993 	 -16.197255 	 0.000000 	 0.000000
77.000000 	 -62.748478 	 -61.549538 	 -16.194324 	 -16.190727 	 0.000000 	 0.000000
78.000000 	 -62.801685 	 -61.574532 	 -16.201030 	 -16.184579 	 0.000000 	 0.000000
79.000000 	 -62.847015 	 -61.607529 	 -16.207989 	 -16.178867 	 0.000000 	 0.000000
80.000000 	 -62.884209 	 -61.648598 	 -16.215085 	 -16.173645 	 0.000000 	 0.000000
81.000000 	 -62.913219 	 -61.697689 	 -16.222202 	 -16.168965 	 0.000000 	 0.000000
82.000000 	 -62.934189 	 -61.754612 	 -16.229237 	 -16.164879 	 0.000000 	 0.000000
83.000000 	 -62.947411 	 -61.819012 	 -16.236091 	 -16.161433 	 0.000000 	 0.000000
84.000000 	 -62.953312 	 -61.890369 	 -16.242680 	 -16.158669 	 0.000000 	 0.000000
85.000000 	 -62.952412 	 -61.967976 	 -16.248927 	 -16.156621 	 0.000000 	 0.000000
86.000000 	 -62.945297 	 -62.050945 	 -16.254769 	 -16.155319 	 0.000000 	 0.000000
87.000000 	 -62.932594 	 -62.138214 	 -16.260155 	 -16.154780 	 0.000000 	 0.000000
88.000000 	 -62.914955 	 -62.228569 	 -16.265041 	 -16.155013 	 0.000000 	 0.000000
89.000000 	 -62.893024 	 -62.320683 	 -16.269399 	 -16.156016 	 0.000000 	 0.000000
90.000000 	 -62.867447 	 -62.413151 	 -16.273206 	 -16.157775 	 0.000000 	 0.000000
91.000000 	 -62.838840 	 -62.504543 	 -16.276450 	 -16.160264 	 0.000000 	 0.000000
92.000000 	 -62.807796 	 -62.593460 	 -16.279129 	 -16.163448 	 0.000000 	 0.000000
93.000000 	 -62.774879 	 -62.678581 	 -16.281246 	 -16.167278 	 0.000000 	 0.000000
94.000000 	 -62.740612 	 -62.758713 	 -16.282812 	 -16.171699 	 0.000000 	 0.000000
95.000000 	 -62.705486 	 -62.832825 	 -16.283842 	 -16.176646 	 0.000000 	 0.000000
96.000000 	 -62.669956 	 -62.900078 	 -16.284360 	 -16.182047 	 0.000000 	 0.000000
97.000000 	 -62.634441 	 -62.959843 	 -16.284389 	 -16.187829 	 0.000000 	 0.000000
98.000000 	 -62.599327 	 -63.011692 	 -16.283961 	 -16.193914 	 0.000000 	 0.000000
99.000000 	 -62.564972 	 -63.055405 	 -16.283108 	 -16.200223 	 0.000000 	 0.000000
100.000000 	 -62.531696 	 -63.090939 	 -16.281864 	 -16.206680 	 0.000000 	 0.000000
101.000000 	 -62.499790 	 -63.118412 	 -16.280269 	 -16.213211 	 0.000000 	 0.000000
102.000000 	 -62.469521 	 -63.138077 	 -16.278359 	 -16.219745 	 0.000000 	 0.000000
103.000000 	 -62.441124 	 -63.150291 	 -16.276176 	 -16.226216 	 0.000000 	 0.000000
104.000000 	 -62.414810 	 -63.155495 	 -16.273759 	 -16.232564 	 0.000000 	 0.000000
105.000000 	 -62.390762 	 -63.154179 	 -16.271151 	 -16.238733 	 0.000000 	 0.000000
106.000000 	 -62.369133 	 -63.146866 	 -16.268392 	 -16.244677 	 0.000000 	 0.000000
107.000000 	 -62.350056 	 -63.134102 	 -16.265524 	 -16.250351 	 0.000000 	 0.000000
108.000000 	 -62.333633 	 -63.116432 	 -16.262585 	 -16.255719 	 0.000000 	 0.000000
109.000000 	 -62.319942 	 -63.094395 	 -16.259615 	 -16.260751 	 0.000000 	 0.000000
110.000000 	 -62.309032 	 -63.068504 	 -16.256651 	 -16.265422 	 0.000000 	 0.000000
111.000000 	 -62.300922 	 -63.039261 	 -16.253731 	 -16.269711 	 0.000000 	 0.000000
112.000000 	 -62.295605 	 -63.007133 	 -16.250887 	 -16.273603 	 0.000000 	 0.000000
113.000000 	 -62.293045 	 -62.972561 	 -16.248152 	 -16.277088 	 0.000000 	 0.000000
114.000000 	 -62.293179 	 -62.935959 	 -16.245556 	 -16.280159 	 0.000000 	 0.000000
115.000000 	 -62.295910 	 -62.897713 	 -16.243125 	 -16.282813 	 0.000000 	 0.000000
116.000000 	 -62.301117 	 -62.858181 	 -16.240883 	 -16.285049 	 0.000000 	 0.000000
117.000000 	 -62.308651 	 -62.817696 	 -16.238852 	 -16.286873 	 0.000000 	 0.000000
118.000000 	 -62.318336 	 -62.776566 	 -16.237047 	 -16.288288 	 0.000000 	 0.000000
119.000000 	 -62.329967 	 -62.735081 	 -16.235485 	 -16.289305 	 0.000000 	 0.000000
120.000000 	 -62.343327 	 -62.693501 	 -16.234174 	 -16.289933 	 0.000000 	 0.000000
121.000000 	 -62.358170 	 -62.652081 	 -16.233121 	 -16.290185 	 0.000000 	 0.000000
122.000000 	 -62.374245 	 -62.611050 	 -16.232330 	 -16.290075 	 0.000000 	 0.000000
123.000000 	 -62.391281 	 -62.570625 	 -16.231800 	 -16.289618 	 0.000000 	 0.000000
124.000000 	 -62.409008 	 -62.531013 	 -16.231527 	 -16.288832 	 0.000000 	 0.000000
125.000000 	 -62.427151 	 -62.492405 	 -16.231504 	 -16.287734 	 0.000000 	 0.000000
126.000000 	 -62.445435 	 -62.454987 	 -16.231720 	 -16.286345 	 0.000000 	 0.000000
127.000000 	 -62.463596 	 -62.418930 	 -16.232160 	 -16.284683 	 0.000000 	 0.000000
128.000000 	 -62.481384 	 -62.384403 	 -16.232810 	 -16.282771 	 0.000000 	 0.000000
129.000000 	 -62.498562 	 -62.351562 	 -16.233651 	 -16.280629 	 0.000000 	 0.000000
130.000000 	 -62.514912 	 -62.320560 	 -16.234662 	 -16.278280 	 0.000000 	 0.000000
131.000000 	 -62.530239 	 -62.291538 	 -16.235822 	 -16.275747 	 0.000000 	 0.000000
132.000000 	 -62.544380 	 -62.264637 	 -16.237108 	 -16.273053 	 0.000000 	 0.000000
133.000000 	 -62.557194 	 -62.239986 	 -16.238496 	 -16.270222 	 0.000000 	 0.000000
134.000000 	 -62.568565 	 -62.217709 	 -16.239963 	 -16.267279 	 0.000000 	 0.000000
135.000000 	 -62.578415 	 -62.197918 	 -16.241484 	 -16.264246 	 0.000000 	 0.000000
136.000000 	 -62.586685 	 -62.180721 	 -16.243037 	 -16.261150 	 0.000000 	 0.000000
137.000000 	 -62.593349 	 -62.166210 	 -16.244598 	 -16.258013 	 0.000000 	 0.000000
138.000000 	 -62.598404 	 -62.154472 	 -16.246148 	 -16.254862 	 0.000000 	 0.000000
139.000000 	 -62.601868 	 -62.145580 	 -16.247665 	 -16.251720 	 0.000000 	 0.000000
140.000000 	 -62.603786 	 -62.139584 	 -16.249131 	 -16.248612 	 0.000000 	 0.000000
141.000000 	 -62.604225 	 -62.136528 	 -16.250529 	 -16.245562 	 0.000000 	 0.000000
142.000000 	 -62.603260 	 -62.136429 	 -16.251845 	 -16.242592 	 0.000000 	 0.000000
143.000000 	 -62.600990 	 -62.139286 	 -16.253066 	 -16.239725 	 0.000000 	 0.000000
144.000000 	 -62.597515 	 -62.145077 	 -16.254180 	 -16.236985 	 0.000000 	 0.000000
145.000000 	 -62.592957 	 -62.153751 	 -16.255179 	 -16.234390 	 0.000000 	 0.000000
146.000000 	 -62.587433 	 -62.165234 	 -16.256057 	 -16.231962 	 0.000000 	 0.000000
147.000000 	 -62.581070 	 -62.179424 	 -16.256808 	 -16.229718 	 0.000000 	 0.000000
148.000000 	 -62.573997 	 -62.196190 	 -16.257430 	 -16.227675 	 0.000000 	 0.000000
149.000000 	 -62.566349 	 -62.215370 	 -16.257921 	 -16.225849 	 0.000000 	 0.000000
150.000000 	 -62.558250 	 -62.236771 	 -16.258282 	 -16.224252 	 0.000000 	 0.000000
151.000000 	 -62.549831 	 -62.260178 	 -16.258516 	 -16.222896 	 0.000000 	 0.000000
152.000000 	 -62.541218 	 -62.285351 	 -16.258626 	 -16.221789 	 0.000000 	 0.000000
153.000000 	 -62.532524 	 -62.312019 	 -16.258617 	 -16.220937 	 0.000000 	 0.000000
154.000000 	 -62.523865 	 -62.339897 	 -16.258497 	 -16.220345 	 0.000000 	 0.000000
155.000000 	 -62.515347 	 -62.368683 	 -16.258271 	 -16.220013 	 0.000000 	 0.000000
156.000000 	 -62.507065 	 -62.398060 	 -16.257950 	 -16.219940 	 0.000000 	 0.000000
157.000000 	 -62.499115 	 -62.427708 	 -16.257541 	 -16.220121 	 0.000000 	 0.000000
158.000000 	 -62.491573 	 -62.457310 	 -16.257054 	 -16.220550 	 0.000000 	 0.000000
159.000000 	 -62.484516 	 -62.486546 	 -16.256500 	 -16.221217 	 0.000000 	 0.000000
160.000000 	 -62.478008 	 -62.515110 	 -16.255889 	 -16.222112 	 0.000000 	 0.000000
161.000000 	 -62.472099 	 -62.542713 	 -16.255232 	 -16.223219 	 0.000000 	 0.000000
162.000000 	 -62.466835 	 -62.569084 	 -16.254539 	 -16.224523 	 0.000000 	 0.000000
163.000000 	 -62.462254 	 -62.593979 	 -16.253822 	 -16.226007 	 0.000000 	 0.000000
164.000000 	 -62.458374 	 -62.617180 	 -16.253089 	 -16.227652 	 0.000000 	 0.000000
165.000000 	 -62.455215 	 -62.638500 	 -16.252353 	 -16.229436 	 0.000000 	 0.000000
166.000000 	 -62.452782 	 -62.657787 	 -16.251621 	 -16.231340 	 0.000000 	 0.000000
167.000000 	 -62.451073 	 -62.674915 	 -16.250904 	 -16.233341 	 0.000000 	 0.000000
168.000000 	 -62.450073 	 -62.689796 	 -16.250210 	 -16.235419 	 0.000000 	 0.000000
169.000000 	 -62.449764 	 -62.702370 	 -16.249546 	 -16.237550 	 0.000000 	 0.000000
170.000000 	 -62.450115 	 -62.712612 	 -16.248920 	 -16.239713 	 0.000000 	 0.000000
171.000000 	 -62.451096 	 -62.720520 	 -16.248339 	 -16.241888 	 0.000000 	 0.000000
172.000000 	 -62.452660 	 -62.726124 	 -16.247806 	 -16.244054 	 0.000000 	 0.000000
173.000000 	 -62.454765 	 -62.729473 	 -16.247328 	 -16.246191 	 0.000000 	 0.000000
174.000000 	 -62.457355 	 -62.730640 	 -16.246907 	 -16.248283 	 0.000000 	 0.000000
175.000000 	 -62.460377 	 -62.729717 	 -16.246547 	 -16.250311 	 0.000000 	 0.000000
176.000000 	 -62.463768 	 -62.726807 	 -16.246248 	 -16.252260 	 0.000000 	 0.000000
177.000000 	 -62.467468 	 -62.722031 	 -16.246013 	 -16.254116 	 0.000000 	 0.000000
178.000000 	 -62.471413 	 -62.715515 	 -16.245841 	 -16.255866 	 0.000000 	 0.000000
179.000000 	 -62.475540 	 -62.707394 	 -16.245731 	 -16.257500 	 0.000000 	 0.000000
180.000000 	 -62.479786 	 -62.697811 	 -16.245681 	 -16.259007 	 0.000000 	 0.000000
181.000000 	 -62.484089 	 -62.686913 	 -16.245691 	 -16.260380 	 0.000000 	 0.000000
182.000000 	 -62.488388 	 -62.674847 	 -16.245755 	 -16.261612 	 0.000000 	 0.000000
183.000000 	 -62.492626 	 -62.661758 	 -16.245871 	 -16.262697 	 0.000000 	 0.000000
184.000000 	 -62.496754 	 -62.647797 	 -16.246036 	 -16.263634 	 0.000000 	 0.000000
185.000000 	 -62.500717 	 -62.633110 	 -16.246243 	 -16.264418 	 0.000000 	 0.000000
186.000000 	 -62.504475 	 -62.617840 	 -16.246489 	 -16.265050 	 0.000000 	 0.000000
187.000000 	 -62.507984 	 -62.602127 	 -16.246769 	 -16.265529 	 0.000000 	 0.000000
188.000000 	 -62.511211 	 -62.586109 	 -16.247076 	 -16.265857 	 0.000000 	 0.000000
189.000000 	 -62.514130 	 -62.569916 	 -16.247406 	 -16.266037 	 0.000000 	 0.000000
190.000000 	 -62.516716 	 -62.553680 	 -16.247753 	 -16.266073 	 0.000000 	 0.000000
191.000000 	 -62.518951 	 -62.537521 	 -16.248111 	 -16.265968 	 0.000000 	 0.000000
192.000000 	 -62.520824 	 -62.521553 	 -16.248477 	 -16.265729 	 0.000000 	 0.000000
193.000000 	 -62.522331 	 -62.505894 	 -16.248843 	 -16.265361 	 0.000000 	 0.000000
194.000000 	 -62.523468 	 -62.490646 	 -16.249206 	 -16.264873 	 0.000000 	 0.000000
195.000000 	 -62.524239 	 -62.475910 	 -16.249561 	 -16.264271 	 0.000000 	 0.000000
196.000000 	 -62.524654 	 -62.461781 	 -16.249903 	 -16.263564 	 0.000000 	 0.000000
197.000000 	 -62.524727 	 -62.448345 	 -16.250230 	 -16.262760 	 0.000000 	 0.000000
198.000000 	 -62.524471 	 -62.435688 	 -16.250536 	 -16.261870 	 0.000000 	 0.000000
199.000000 	 -62.523911 	 -62.423882 	 -16.250820 	 -16.260902 	 0.000000 	 0.000000
200.000000 	 -62.523067 	 -62.412991 	 -16.251079 	 -16.259868 	 0.000000 	 0.000000
