0.000000 	 0.000000 	 0.000000 	 0.000000 	 0.000000 	 0.000000	 0.000000 	 0.000000
0.050000 	 0.243853 	 0.250000 	 0.243853 	 0.243853 	 0.006147	 0.000000 	 0.000000
0.100000 	 0.475813 	 0.487500 	 0.475813 	 0.475813 	 0.011687	 0.000000 	 0.000000
0.150000 	 0.696460 	 0.713125 	 0.696460 	 0.696460 	 0.016665	 0.000000 	 0.000000
0.200000 	 0.906346 	 0.927469 	 0.906346 	 0.906346 	 0.021123	 0.000000 	 0.000000
0.250000 	 1.105996 	 1.131095 	 1.105996 	 1.105996 	 0.025099	 0.000000 	 0.000000
0.300000 	 1.295909 	 1.324541 	 1.295909 	 1.295909 	 0.028632	 0.000000 	 0.000000
0.350000 	 1.476560 	 1.508314 	 1.476560 	 1.476559 	 0.031754	 0.000000 	 0.000000
0.400000 	 1.648400 	 1.682898 	 1.648400 	 1.648400 	 0.034498	 0.000000 	 0.000000
0.450000 	 1.811859 	 1.848753 	 1.811859 	 1.811859 	 0.036894	 0.000000 	 0.000000
0.500000 	 1.967347 	 2.006315 	 1.967347 	 1.967347 	 0.038969	 0.000000 	 0.000000
0.550000 	 2.115251 	 2.156000 	 2.115251 	 2.115251 	 0.040749	 0.000000 	 0.000000
0.600000 	 2.255942 	 2.298200 	 2.255942 	 2.255942 	 0.042258	 0.000000 	 0.000000
0.650000 	 2.389771 	 2.433290 	 2.389771 	 2.389771 	 0.043518	 0.000000 	 0.000000
0.700000 	 2.517073 	 2.561625 	 2.517073 	 2.517073 	 0.044552	 0.000000 	 0.000000
0.750000 	 2.638167 	 2.683544 	 2.638167 	 2.638167 	 0.045377	 0.000000 	 0.000000
0.800000 	 2.753355 	 2.799367 	 2.753355 	 2.753355 	 0.046011	 0.000000 	 0.000000
0.850000 	 2.862925 	 2.909398 	 2.862925 	 2.862925 	 0.046473	 0.000000 	 0.000000
0.900000 	 2.967152 	 3.013928 	 2.967152 	 2.967152 	 0.046777	 0.000000 	 0.000000
0.950000 	 3.066295 	 3.113232 	 3.066295 	 3.066295 	 0.046937	 0.000000 	 0.000000
1.000000 	 3.160603 	 3.207570 	 3.160603 	 3.160603 	 0.046968	 0.000000 	 0.000000
1.050000 	 3.250311 	 3.297192 	 3.250311 	 3.250311 	 0.046881	 0.000000 	 0.000000
1.100000 	 3.335645 	 3.382332 	 3.335645 	 3.335644 	 0.046688	 0.000000 	 0.000000
1.150000 	 3.416816 	 3.463216 	 3.416816 	 3.416816 	 0.046400	 0.000000 	 0.000000
1.200000 	 3.494029 	 3.540055 	 3.494029 	 3.494029 	 0.046026	 0.000000 	 0.000000
1.250000 	 3.567476 	 3.613052 	 3.567476 	 3.567476 	 0.045576	 0.000000 	 0.000000
1.300000 	 3.637341 	 3.682400 	 3.637341 	 3.637341 	 0.045058	 0.000000 	 0.000000
1.350000 	 3.703799 	 3.748280 	 3.703799 	 3.703799 	 0.044481	 0.000000 	 0.000000
1.400000 	 3.767015 	 3.810866 	 3.767015 	 3.767015 	 0.043850	 0.000000 	 0.000000
1.450000 	 3.827149 	 3.870322 	 3.827149 	 3.827148 	 0.043174	 0.000000 	 0.000000
1.500000 	 3.884349 	 3.926806 	 3.884349 	 3.884349 	 0.042457	 0.000000 	 0.000000
1.550000 	 3.938760 	 3.980466 	 3.938760 	 3.938760 	 0.041706	 0.000000 	 0.000000
1.600000 	 3.990517 	 4.031443 	 3.990517 	 3.990517 	 0.040925	 0.000000 	 0.000000
1.650000 	 4.039750 	 4.079870 	 4.039750 	 4.039750 	 0.040120	 0.000000 	 0.000000
1.700000 	 4.086582 	 4.125877 	 4.086582 	 4.086582 	 0.039295	 0.000000 	 0.000000
1.750000 	 4.131130 	 4.169583 	 4.131130 	 4.131130 	 0.038453	 0.000000 	 0.000000
1.800000 	 4.173506 	 4.211104 	 4.173506 	 4.173505 	 0.037598	 0.000000 	 0.000000
1.850000 	 4.213814 	 4.250549 	 4.213814 	 4.213814 	 0.036735	 0.000000 	 0.000000
1.900000 	 4.252157 	 4.288021 	 4.252157 	 4.252157 	 0.035864	 0.000000 	 0.000000
1.950000 	 4.288630 	 4.323620 	 4.288630 	 4.288630 	 0.034991	 0.000000 	 0.000000
2.000000 	 4.323324 	 4.357439 	 4.323324 	 4.323324 	 0.034116	 0.000000 	 0.000000
2.050000 	 4.356325 	 4.389567 	 4.356325 	 4.356325 	 0.033242	 0.000000 	 0.000000
2.100000 	 4.387718 	 4.420089 	 4.387718 	 4.387718 	 0.032371	 0.000000 	 0.000000
2.150000 	 4.417579 	 4.449084 	 4.417579 	 4.417579 	 0.031505	 0.000000 	 0.000000
2.200000 	 4.445984 	 4.476630 	 4.445984 	 4.445984 	 0.030646	 0.000000 	 0.000000
2.250000 	 4.473004 	 4.502799 	 4.473004 	 4.473004 	 0.029795	 0.000000 	 0.000000
2.300000 	 4.498706 	 4.527659 	 4.498706 	 4.498706 	 0.028953	 0.000000 	 0.000000
2.350000 	 4.523154 	 4.551276 	 4.523154 	 4.523154 	 0.028122	 0.000000 	 0.000000
2.400000 	 4.546410 	 4.573712 	 4.546410 	 4.546410 	 0.027302	 0.000000 	 0.000000
2.450000 	 4.568532 	 4.595026 	 4.568532 	 4.568532 	 0.026494	 0.000000 	 0.000000
2.500000 	 4.589575 	 4.615275 	 4.589575 	 4.589575 	 0.025700	 0.000000 	 0.000000
2.550000 	 4.609592 	 4.634511 	 4.609592 	 4.609592 	 0.024920	 0.000000 	 0.000000
2.600000 	 4.628632 	 4.652786 	 4.628632 	 4.628632 	 0.024154	 0.000000 	 0.000000
2.650000 	 4.646744 	 4.670147 	 4.646744 	 4.646744 	 0.023403	 0.000000 	 0.000000
2.700000 	 4.663972 	 4.686639 	 4.663972 	 4.663972 	 0.022667	 0.000000 	 0.000000
2.750000 	 4.680361 	 4.702307 	 4.680361 	 4.680361 	 0.021947	 0.000000 	 0.000000
2.800000 	 4.695950 	 4.717192 	 4.695950 	 4.695950 	 0.021242	 0.000000 	 0.000000
2.850000 	 4.710778 	 4.731332 	 4.710778 	 4.710778 	 0.020554	 0.000000 	 0.000000
2.900000 	 4.724884 	 4.744766 	 4.724884 	 4.724884 	 0.019882	 0.000000 	 0.000000
2.950000 	 4.738301 	 4.757527 	 4.738301 	 4.738301 	 0.019226	 0.000000 	 0.000000
3.000000 	 4.751065 	 4.769651 	 4.751065 	 4.751065 	 0.018586	 0.000000 	 0.000000
3.050000 	 4.763205 	 4.781168 	 4.763205 	 4.763205 	 0.017963	 0.000000 	 0.000000
3.100000 	 4.774754 	 4.792110 	 4.774754 	 4.774754 	 0.017356	 0.000000 	 0.000000
3.150000 	 4.785739 	 4.802505 	 4.785739 	 4.785739 	 0.016765	 0.000000 	 0.000000
3.200000 	 4.796189 	 4.812379 	 4.796189 	 4.796189 	 0.016190	 0.000000 	 0.000000
3.250000 	 4.806129 	 4.821760 	 4.806129 	 4.806129 	 0.015631	 0.000000 	 0.000000
3.300000 	 4.815584 	 4.830672 	 4.815584 	 4.815584 	 0.015088	 0.000000 	 0.000000
3.350000 	 4.824578 	 4.839139 	 4.824578 	 4.824578 	 0.014560	 0.000000 	 0.000000
3.400000 	 4.833134 	 4.847182 	 4.833134 	 4.833134 	 0.014048	 0.000000 	 0.000000
3.450000 	 4.841272 	 4.854823 	 4.841272 	 4.841272 	 0.013551	 0.000000 	 0.000000
3.500000 	 4.849013 	 4.862082 	 4.849013 	 4.849013 	 0.013068	 0.000000 	 0.000000
3.550000 	 4.856377 	 4.868977 	 4.856377 	 4.856377 	 0.012601	 0.000000 	 0.000000
3.600000 	 4.863381 	 4.875529 	 4.863381 	 4.863381 	 0.012147	 0.000000 	 0.000000
3.650000 	 4.870044 	 4.881752 	 4.870044 	 4.870044 	 0.011708	 0.000000 	 0.000000
3.700000 	 4.876382 	 4.887665 	 4.876382 	 4.876382 	 0.011282	 0.000000 	 0.000000
3.750000 	 4.882411 	 4.893281 	 4.882411 	 4.882411 	 0.010870	 0.000000 	 0.000000
3.800000 	 4.888146 	 4.898617 	 4.888146 	 4.888146 	 0.010471	 0.000000 	 0.000000
3.850000 	 4.893601 	 4.903686 	 4.893601 	 4.893601 	 0.010085	 0.000000 	 0.000000
3.900000 	 4.898790 	 4.908502 	 4.898790 	 4.898790 	 0.009712	 0.000000 	 0.000000
3.950000 	 4.903726 	 4.913077 	 4.903726 	 4.903726 	 0.009350	 0.000000 	 0.000000
4.000000 	 4.908422 	 4.917423 	 4.908422 	 4.908422 	 0.009001	 0.000000 	 0.000000
4.050000 	 4.912888 	 4.921552 	 4.912888 	 4.912888 	 0.008664	 0.000000 	 0.000000
4.100000 	 4.917137 	 4.925474 	 4.917137 	 4.917137 	 0.008338	 0.000000 	 0.000000
4.150000 	 4.921178 	 4.929201 	 4.921178 	 4.921178 	 0.008023	 0.000000 	 0.000000
4.200000 	 4.925022 	 4.932741 	 4.925022 	 4.925022 	 0.007719	 0.000000 	 0.000000
4.250000 	 4.928679 	 4.936104 	 4.928679 	 4.928679 	 0.007425	 0.000000 	 0.000000
4.300000 	 4.932157 	 4.939298 	 4.932157 	 4.932157 	 0.007141	 0.000000 	 0.000000
4.350000 	 4.935466 	 4.942333 	 4.935466 	 4.935466 	 0.006868	 0.000000 	 0.000000
4.400000 	 4.938613 	 4.945217 	 4.938613 	 4.938613 	 0.006604	 0.000000 	 0.000000
4.450000 	 4.941607 	 4.947956 	 4.941607 	 4.941607 	 0.006349	 0.000000 	 0.000000
4.500000 	 4.944455 	 4.950558 	 4.944455 	 4.944455 	 0.006103	 0.000000 	 0.000000
4.550000 	 4.947164 	 4.953030 	 4.947164 	 4.947164 	 0.005866	 0.000000 	 0.000000
4.600000 	 4.949741 	 4.955379 	 4.949741 	 4.949741 	 0.005638	 0.000000 	 0.000000
4.650000 	 4.952192 	 4.957610 	 4.952192 	 4.952192 	 0.005418	 0.000000 	 0.000000
4.700000 	 4.954524 	 4.959729 	 4.954524 	 4.954524 	 0.005206	 0.000000 	 0.000000
4.750000 	 4.956742 	 4.961743 	 4.956742 	 4.956742 	 0.005001	 0.000000 	 0.000000
4.800000 	 4.958851 	 4.963656 	 4.958851 	 4.958851 	 0.004804	 0.000000 	 0.000000
4.850000 	 4.960858 	 4.965473 	 4.960858 	 4.960858 	 0.004615	 0.000000 	 0.000000
4.900000 	 4.962767 	 4.967199 	 4.962767 	 4.962767 	 0.004432	 0.000000 	 0.000000
4.950000 	 4.964583 	 4.968839 	 4.964583 	 4.964583 	 0.004256	 0.000000 	 0.000000
5.000000 	 4.966310 	 4.970397 	 4.966310 	 4.966310 	 0.004087	 0.000000 	 0.000000
5.050000 	 4.967953 	 4.971877 	 4.967953 	 4.967953 	 0.003924	 0.000000 	 0.000000
