This is pdfTeX, Version 3.1415926-1.40.10 (TeX Live 2009/Debian) (format=latex 2013.9.3)  26 SEP 2013 22:00
entering extended mode
 %&-line parsing enabled.
**asgn2.tex
(./asgn2.tex
LaTeX2e <2009/09/24>
Babel <v3.8l> and hyphenation patterns for english, usenglishmax, dumylang, noh
yphenation, loaded.
(/usr/share/texmf-texlive/tex/latex/base/article.cls
Document Class: article 2007/10/19 v1.4h Standard LaTeX document class
(/usr/share/texmf-texlive/tex/latex/base/size12.clo
File: size12.clo 2007/10/19 v1.4h Standard LaTeX file (size option)
)
\c@part=\count79
\c@section=\count80
\c@subsection=\count81
\c@subsubsection=\count82
\c@paragraph=\count83
\c@subparagraph=\count84
\c@figure=\count85
\c@table=\count86
\abovecaptionskip=\skip41
\belowcaptionskip=\skip42
\bibindent=\dimen102
)
(/usr/share/texmf-texlive/tex/latex/graphics/epsfig.sty
Package: epsfig 1999/02/16 v1.7a (e)psfig emulation (SPQR)

(/usr/share/texmf-texlive/tex/latex/graphics/graphicx.sty
Package: graphicx 1999/02/16 v1.0f Enhanced LaTeX Graphics (DPC,SPQR)

(/usr/share/texmf-texlive/tex/latex/graphics/keyval.sty
Package: keyval 1999/03/16 v1.13 key=value parser (DPC)
\KV@toks@=\toks14
)
(/usr/share/texmf-texlive/tex/latex/graphics/graphics.sty
Package: graphics 2009/02/05 v1.0o Standard LaTeX Graphics (DPC,SPQR)

(/usr/share/texmf-texlive/tex/latex/graphics/trig.sty
Package: trig 1999/03/16 v1.09 sin cos tan (DPC)
)
(/etc/texmf/tex/latex/config/graphics.cfg
File: graphics.cfg 2009/08/28 v1.8 graphics configuration of TeX Live
)
Package graphics Info: Driver file: dvips.def on input line 91.

(/usr/share/texmf-texlive/tex/latex/graphics/dvips.def
File: dvips.def 1999/02/16 v3.0i Driver-dependant file (DPC,SPQR)
))
\Gin@req@height=\dimen103
\Gin@req@width=\dimen104
)
\epsfxsize=\dimen105
\epsfysize=\dimen106
) (./asgn2.aux)
\openout1 = `asgn2.aux'.

LaTeX Font Info:    Checking defaults for OML/cmm/m/it on input line 6.
LaTeX Font Info:    ... okay on input line 6.
LaTeX Font Info:    Checking defaults for T1/cmr/m/n on input line 6.
LaTeX Font Info:    ... okay on input line 6.
LaTeX Font Info:    Checking defaults for OT1/cmr/m/n on input line 6.
LaTeX Font Info:    ... okay on input line 6.
LaTeX Font Info:    Checking defaults for OMS/cmsy/m/n on input line 6.
LaTeX Font Info:    ... okay on input line 6.
LaTeX Font Info:    Checking defaults for OMX/cmex/m/n on input line 6.
LaTeX Font Info:    ... okay on input line 6.
LaTeX Font Info:    Checking defaults for U/cmr/m/n on input line 6.
LaTeX Font Info:    ... okay on input line 6.
LaTeX Font Info:    External font `cmex10' loaded for size
(Font)              <12> on input line 32.
LaTeX Font Info:    External font `cmex10' loaded for size
(Font)              <8> on input line 32.
LaTeX Font Info:    External font `cmex10' loaded for size
(Font)              <6> on input line 32.

[1

]
File: data/part1/figures/eulerError.eps Graphic file (type eps)
 <data/part1/figures/eulerError.eps>
Overfull \hbox (8.34183pt too wide) in paragraph at lines 66--67
 [] 
 []

[2]
File: data/part1/figures/rk1.eps Graphic file (type eps)
 <data/part1/figures/rk1.eps>
Overfull \hbox (8.34183pt too wide) in paragraph at lines 77--78
 [] 
 []

File: data/part1/figures/rk2.eps Graphic file (type eps)
<data/part1/figures/rk2.eps>
Overfull \hbox (8.34183pt too wide) in paragraph at lines 84--85
 [] 
 []

[3] [4] [5]
File: data/part2/figures/Vt1.eps Graphic file (type eps)
 <data/part2/figures/Vt1.eps>
Overfull \hbox (8.34183pt too wide) in paragraph at lines 145--146
 [] 
 []

File: data/part2/figures/Vt2.eps Graphic file (type eps)
<data/part2/figures/Vt2.eps>
Overfull \hbox (8.34183pt too wide) in paragraph at lines 152--153
 [] 
 []

[6] [7] (./asgn2.aux) ) 
Here is how much of TeX's memory you used:
 586 strings out of 495062
 6948 string characters out of 1182645
 56614 words of memory out of 3000000
 3809 multiletter control sequences out of 15000+50000
 7894 words of font info for 28 fonts, out of 3000000 for 9000
 28 hyphenation exceptions out of 8191
 32i,6n,23p,679b,284s stack positions out of 5000i,500n,10000p,200000b,50000s

Output written on asgn2.dvi (7 pages, 15324 bytes).
