0.000000 	 0.031841 	 0.026574 	 0.030298 	 0.030298 	 0.005268	 0.001543 	 0.001543
0.050000 	 0.266718 	 0.273916 	 0.265321 	 0.265321 	 0.007199	 0.001397 	 0.001397
0.100000 	 0.479243 	 0.496525 	 0.477979 	 0.477979 	 0.017282	 0.001264 	 0.001264
0.150000 	 0.671543 	 0.696872 	 0.670400 	 0.670399 	 0.025329	 0.001144 	 0.001143
0.200000 	 0.845544 	 0.877185 	 0.844509 	 0.844509 	 0.031641	 0.001035 	 0.001035
0.250000 	 1.002986 	 1.039466 	 1.002050 	 1.002049 	 0.036480	 0.000937 	 0.000936
0.300000 	 1.145446 	 1.185520 	 1.144599 	 1.144598 	 0.040074	 0.000848 	 0.000847
0.350000 	 1.274349 	 1.316968 	 1.273582 	 1.273581 	 0.042619	 0.000767 	 0.000766
0.400000 	 1.390985 	 1.435271 	 1.390291 	 1.390291 	 0.044286	 0.000694 	 0.000693
0.450000 	 1.496522 	 1.541744 	 1.495894 	 1.495893 	 0.045222	 0.000628 	 0.000627
0.500000 	 1.592015 	 1.637570 	 1.591447 	 1.591447 	 0.045554	 0.000569 	 0.000568
0.550000 	 1.678421 	 1.723813 	 1.677908 	 1.677907 	 0.045391	 0.000515 	 0.000514
0.600000 	 1.756605 	 1.801431 	 1.756140 	 1.756139 	 0.044826	 0.000466 	 0.000465
0.650000 	 1.827348 	 1.871288 	 1.826928 	 1.826927 	 0.043940	 0.000421 	 0.000421
0.700000 	 1.891360 	 1.934159 	 1.890979 	 1.890978 	 0.042800	 0.000381 	 0.000381
0.750000 	 1.949279 	 1.990743 	 1.948935 	 1.948934 	 0.041464	 0.000345 	 0.000344
0.800000 	 2.001687 	 2.041669 	 2.001376 	 2.001375 	 0.039982	 0.000312 	 0.000312
0.850000 	 2.049108 	 2.087502 	 2.048826 	 2.048825 	 0.038394	 0.000283 	 0.000282
0.900000 	 2.092016 	 2.128752 	 2.091761 	 2.091760 	 0.036736	 0.000256 	 0.000255
0.950000 	 2.130841 	 2.165877 	 2.130610 	 2.130609 	 0.035036	 0.000231 	 0.000231
1.000000 	 2.165971 	 2.199289 	 2.165762 	 2.165762 	 0.033318	 0.000209 	 0.000209
1.050000 	 2.197758 	 2.229360 	 2.197569 	 2.197569 	 0.031602	 0.000190 	 0.000189
1.100000 	 2.226520 	 2.256424 	 2.226349 	 2.226349 	 0.029904	 0.000172 	 0.000171
1.150000 	 2.252545 	 2.280782 	 2.252391 	 2.252390 	 0.028236	 0.000155 	 0.000155
1.200000 	 2.276094 	 2.302704 	 2.275954 	 2.275953 	 0.026610	 0.000140 	 0.000140
1.250000 	 2.297401 	 2.322433 	 2.297275 	 2.297274 	 0.025032	 0.000127 	 0.000127
1.300000 	 2.316681 	 2.340190 	 2.316566 	 2.316566 	 0.023509	 0.000115 	 0.000115
1.350000 	 2.334126 	 2.356171 	 2.334022 	 2.334022 	 0.022045	 0.000104 	 0.000104
1.400000 	 2.349911 	 2.370554 	 2.349817 	 2.349817 	 0.020643	 0.000094 	 0.000094
1.450000 	 2.364194 	 2.383498 	 2.364109 	 2.364109 	 0.019304	 0.000085 	 0.000085
1.500000 	 2.377118 	 2.395149 	 2.377041 	 2.377040 	 0.018031	 0.000077 	 0.000077
1.550000 	 2.388811 	 2.405634 	 2.388742 	 2.388742 	 0.016822	 0.000070 	 0.000070
1.600000 	 2.399392 	 2.415070 	 2.399329 	 2.399329 	 0.015678	 0.000063 	 0.000063
1.650000 	 2.408966 	 2.423563 	 2.408910 	 2.408909 	 0.014597	 0.000057 	 0.000057
1.700000 	 2.417629 	 2.431207 	 2.417578 	 2.417578 	 0.013578	 0.000052 	 0.000052
1.750000 	 2.425468 	 2.438086 	 2.425421 	 2.425421 	 0.012618	 0.000047 	 0.000047
1.800000 	 2.432561 	 2.444278 	 2.432519 	 2.432518 	 0.011717	 0.000042 	 0.000042
1.850000 	 2.438978 	 2.449850 	 2.438940 	 2.438940 	 0.010871	 0.000038 	 0.000038
1.900000 	 2.444785 	 2.454865 	 2.444751 	 2.444751 	 0.010080	 0.000035 	 0.000035
1.950000 	 2.450040 	 2.459378 	 2.450009 	 2.450008 	 0.009339	 0.000031 	 0.000031
2.000000 	 2.454794 	 2.463441 	 2.454766 	 2.454766 	 0.008646	 0.000028 	 0.000028
2.050000 	 2.459096 	 2.467097 	 2.459070 	 2.459070 	 0.008001	 0.000026 	 0.000026
2.100000 	 2.462989 	 2.470387 	 2.462965 	 2.462965 	 0.007398	 0.000023 	 0.000023
2.150000 	 2.466511 	 2.473348 	 2.466490 	 2.466490 	 0.006838	 0.000021 	 0.000021
2.200000 	 2.469698 	 2.476013 	 2.469679 	 2.469679 	 0.006316	 0.000019 	 0.000019
2.250000 	 2.472581 	 2.478412 	 2.472564 	 2.472564 	 0.005831	 0.000017 	 0.000017
2.300000 	 2.475190 	 2.480571 	 2.475175 	 2.475175 	 0.005380	 0.000016 	 0.000016
2.350000 	 2.477551 	 2.482514 	 2.477537 	 2.477537 	 0.004962	 0.000014 	 0.000014
2.400000 	 2.479688 	 2.484262 	 2.479675 	 2.479675 	 0.004575	 0.000013 	 0.000013
2.450000 	 2.481621 	 2.485836 	 2.481609 	 2.481609 	 0.004215	 0.000012 	 0.000011
2.500000 	 2.483370 	 2.487253 	 2.483359 	 2.483359 	 0.003883	 0.000010 	 0.000010
2.550000 	 2.484952 	 2.488527 	 2.484943 	 2.484943 	 0.003575	 0.000009 	 0.000009
2.600000 	 2.486384 	 2.489675 	 2.486376 	 2.486376 	 0.003290	 0.000009 	 0.000009
2.650000 	 2.487680 	 2.490707 	 2.487672 	 2.487672 	 0.003027	 0.000008 	 0.000008
2.700000 	 2.488852 	 2.491636 	 2.488845 	 2.488845 	 0.002784	 0.000007 	 0.000007
2.750000 	 2.489913 	 2.492473 	 2.489907 	 2.489907 	 0.002560	 0.000006 	 0.000006
2.800000 	 2.490873 	 2.493225 	 2.490867 	 2.490867 	 0.002352	 0.000006 	 0.000006
2.850000 	 2.491742 	 2.493903 	 2.491736 	 2.491736 	 0.002161	 0.000005 	 0.000005
2.900000 	 2.492528 	 2.494513 	 2.492523 	 2.492523 	 0.001985	 0.000005 	 0.000005
2.950000 	 2.493239 	 2.495061 	 2.493234 	 2.493234 	 0.001823	 0.000004 	 0.000004
3.000000 	 2.493882 	 2.495555 	 2.493878 	 2.493878 	 0.001673	 0.000004 	 0.000004
3.050000 	 2.494464 	 2.496000 	 2.494461 	 2.494461 	 0.001535	 0.000003 	 0.000003
3.100000 	 2.494991 	 2.496400 	 2.494988 	 2.494988 	 0.001409	 0.000003 	 0.000003
3.150000 	 2.495468 	 2.496760 	 2.495465 	 2.495465 	 0.001292	 0.000003 	 0.000003
3.200000 	 2.495899 	 2.497084 	 2.495896 	 2.495896 	 0.001185	 0.000003 	 0.000003
3.250000 	 2.496289 	 2.497375 	 2.496287 	 2.496287 	 0.001086	 0.000002 	 0.000002
3.300000 	 2.496642 	 2.497638 	 2.496640 	 2.496640 	 0.000995	 0.000002 	 0.000002
3.350000 	 2.496962 	 2.497874 	 2.496960 	 2.496960 	 0.000912	 0.000002 	 0.000002
3.400000 	 2.497251 	 2.498087 	 2.497249 	 2.497249 	 0.000836	 0.000002 	 0.000002
3.450000 	 2.497513 	 2.498278 	 2.497511 	 2.497511 	 0.000765	 0.000002 	 0.000002
3.500000 	 2.497749 	 2.498450 	 2.497748 	 2.497748 	 0.000701	 0.000001 	 0.000001
3.550000 	 2.497964 	 2.498605 	 2.497962 	 2.497962 	 0.000642	 0.000001 	 0.000001
3.600000 	 2.498157 	 2.498745 	 2.498156 	 2.498156 	 0.000587	 0.000001 	 0.000001
3.650000 	 2.498333 	 2.498870 	 2.498332 	 2.498332 	 0.000538	 0.000001 	 0.000001
3.700000 	 2.498491 	 2.498983 	 2.498490 	 2.498490 	 0.000492	 0.000001 	 0.000001
3.750000 	 2.498635 	 2.499085 	 2.498634 	 2.498634 	 0.000450	 0.000001 	 0.000001
3.800000 	 2.498765 	 2.499176 	 2.498764 	 2.498764 	 0.000412	 0.000001 	 0.000001
3.850000 	 2.498882 	 2.499259 	 2.498882 	 2.498882 	 0.000376	 0.000001 	 0.000001
3.900000 	 2.498989 	 2.499333 	 2.498988 	 2.498988 	 0.000344	 0.000001 	 0.000001
3.950000 	 2.499085 	 2.499400 	 2.499084 	 2.499084 	 0.000315	 0.000001 	 0.000001
4.000000 	 2.499172 	 2.499460 	 2.499172 	 2.499172 	 0.000288	 0.000001 	 0.000001
4.050000 	 2.499251 	 2.499514 	 2.499250 	 2.499250 	 0.000263	 0.000000 	 0.000000
4.100000 	 2.499322 	 2.499562 	 2.499322 	 2.499322 	 0.000240	 0.000000 	 0.000000
4.150000 	 2.499387 	 2.499606 	 2.499386 	 2.499386 	 0.000219	 0.000000 	 0.000000
4.200000 	 2.499445 	 2.499645 	 2.499445 	 2.499445 	 0.000200	 0.000000 	 0.000000
4.250000 	 2.499498 	 2.499681 	 2.499497 	 2.499497 	 0.000183	 0.000000 	 0.000000
4.300000 	 2.499546 	 2.499713 	 2.499545 	 2.499545 	 0.000167	 0.000000 	 0.000000
4.350000 	 2.499589 	 2.499742 	 2.499589 	 2.499589 	 0.000153	 0.000000 	 0.000000
4.400000 	 2.499628 	 2.499767 	 2.499628 	 2.499628 	 0.000139	 0.000000 	 0.000000
4.450000 	 2.499663 	 2.499791 	 2.499663 	 2.499663 	 0.000127	 0.000000 	 0.000000
4.500000 	 2.499695 	 2.499812 	 2.499695 	 2.499695 	 0.000116	 0.000000 	 0.000000
4.550000 	 2.499724 	 2.499830 	 2.499724 	 2.499724 	 0.000106	 0.000000 	 0.000000
4.600000 	 2.499751 	 2.499847 	 2.499750 	 2.499750 	 0.000097	 0.000000 	 0.000000
4.650000 	 2.499774 	 2.499863 	 2.499774 	 2.499774 	 0.000088	 0.000000 	 0.000000
4.700000 	 2.499796 	 2.499876 	 2.499796 	 2.499796 	 0.000081	 0.000000 	 0.000000
4.750000 	 2.499815 	 2.499889 	 2.499815 	 2.499815 	 0.000073	 0.000000 	 0.000000
4.800000 	 2.499833 	 2.499900 	 2.499833 	 2.499833 	 0.000067	 0.000000 	 0.000000
4.850000 	 2.499849 	 2.499910 	 2.499849 	 2.499849 	 0.000061	 0.000000 	 0.000000
4.900000 	 2.499863 	 2.499919 	 2.499863 	 2.499863 	 0.000056	 0.000000 	 0.000000
4.950000 	 2.499876 	 2.499927 	 2.499876 	 2.499876 	 0.000051	 0.000000 	 0.000000
5.000000 	 2.499888 	 2.499934 	 2.499888 	 2.499888 	 0.000046	 0.000000 	 0.000000
5.050000 	 2.499899 	 2.499941 	 2.499899 	 2.499899 	 0.000042	 0.000000 	 0.000000
